INFO:root:Running RunTrain.py
INFO:root:Date: 151018IP
INFO:root:this is a log file for the progress of image_slicing(). 

INFO:root:
4DAD_i

INFO:root:
3K2O_i

INFO:root:
3TY1

INFO:root:
3MCR

INFO:root:
3NA6_i

INFO:root:
3SGH_i

INFO:root:
3L12

INFO:root:
4I95_i

INFO:root:
4EBG_i

INFO:root:
4H08_i

INFO:root:
4M8R

INFO:root:
4K4K

INFO:root:
4FJ6

INFO:root:
1VJ1_i

INFO:root:
3U22_i

INFO:root:
4OO3

INFO:root:
4KH9_i

INFO:root:
3RH2

INFO:root:
4ECO_i

INFO:root:
4QRK_i

INFO:root:
3OTN

INFO:root:
3T7L_i

INFO:root:
4MJF

INFO:root:
3NPD_i

INFO:root:
2X57

INFO:root:
3LMZ

INFO:root:
4GHB

INFO:root:
4R4G

INFO:root:
3UP6_i

INFO:root:
3N0W

INFO:root:
3LMZ_i

INFO:root:
3NQK

INFO:root:
4R4G_i

INFO:root:
4NTL

INFO:root:
3N5L_i

INFO:root:
3SC3

INFO:root:
3V4M

INFO:root:
4QDY

INFO:root:
4GZV_i

INFO:root:
3US5_i

INFO:root:
4EPZ_i

INFO:root:
3QEC_i

INFO:root:
4JQS

INFO:root:
3ULH_i

INFO:root:
3OSD_i

INFO:root:
3PXP

INFO:root:
1VJ1

INFO:root:
4YGU_i

INFO:root:
3UCH_i

INFO:root:
3SCY_i

INFO:root:
3PM9

INFO:root:
4QT9

INFO:root:
1VLI_i

INFO:root:
4EZI

INFO:root:
4OBM

INFO:root:
4DGU_i

INFO:root:
4QHW

INFO:root:
4Q1V_i

INFO:root:
4QDG_i

INFO:root:
4QAN_i

INFO:root:
3US4_i

INFO:root:
2WA0_i

INFO:root:
4COS

INFO:root:
4HF7

INFO:root:
3S9J_i

INFO:root:
4FXV

INFO:root:
3U1W

INFO:root:
3NPD

INFO:root:
4LER_i

INFO:root:
4OLE

INFO:root:
4FXV_i

INFO:root:
3S5Q

INFO:root:
4LIR

INFO:root:
4GCM_i

INFO:root:
4PS6

INFO:root:
3L2H_i

INFO:root:
4LEH

INFO:root:
4FM3

INFO:root:
4LQZ_i

INFO:root:
3QTH_i

INFO:root:
4FO5_i

INFO:root:
4E2E

INFO:root:
3QQW

INFO:root:
4F54_i

INFO:root:
3PFE_i

INFO:root:
4AD9

INFO:root:
3L2N

INFO:root:
4PPY

INFO:root:
3O14

INFO:root:
3QXB_i

INFO:root:
3LY1

INFO:root:
3S25_i

INFO:root:
3M5K

INFO:root:
3P1V_i

INFO:root:
4HFS_i

INFO:root:
4L1N

INFO:root:
4LIJ

INFO:root:
3PET_i

INFO:root:
1VKW

INFO:root:
4QHB

INFO:root:
3L12_i

INFO:root:
4LGQ_i

INFO:root:
2YPD

INFO:root:
4ME9

INFO:root:
4Q9A

INFO:root:
3OT2

INFO:root:
3PJY_i

INFO:root:
4QNI

INFO:root:
2XXZ_i

INFO:root:
3MX3_i

INFO:root:
4KQ7

INFO:root:
3PJY

INFO:root:
4JHY_i

INFO:root:
3LM3

INFO:root:
1VKU

INFO:root:
2XVT_i

INFO:root:
3QKB_i

INFO:root:
3NO3

INFO:root:
3MZO

INFO:root:
4K05

INFO:root:
4Q6K

INFO:root:
4Q6K_i

INFO:root:
3E8S_i

INFO:root:
3LHI_i

INFO:root:
3MBJ_i

INFO:root:
4QNI_i

INFO:root:
4OPW

INFO:root:
4HSP

INFO:root:
4FSV

INFO:root:
1VK8_i

INFO:root:
3TAW_i

INFO:root:
3R4I_i

INFO:root:
3LM2

INFO:root:
3P6K

INFO:root:
1VK4_i

INFO:root:
4NZK

INFO:root:
3LYG_i

INFO:root:
4GHN

INFO:root:
4EXR

INFO:root:
3MW8_i

INFO:root:
4PS6_i

INFO:root:
4RN3_i

INFO:root:
1VKW_i

INFO:root:
4QHW_i

INFO:root:
3LWJ_i

INFO:root:
4Q34

INFO:root:
4EZG

INFO:root:
3SB4

INFO:root:
3SGG

INFO:root:
4FS7

INFO:root:
4DAD

INFO:root:
4GDZ

INFO:root:
3QTH

INFO:root:
3MDP_i

INFO:root:
4LGC

INFO:root:
3PW3_i

INFO:root:
3S5T

INFO:root:
3MDO_i

INFO:root:
3LWJ

INFO:root:
3QQM

INFO:root:
4EXR_i

INFO:root:
3SIY

INFO:root:
3MTQ_i

INFO:root:
4PQX

INFO:root:
3LWD_i

INFO:root:
3U22

INFO:root:
4QAN

INFO:root:
4PXY

INFO:root:
4NKP_i

INFO:root:
3PFO

INFO:root:
4JGL

INFO:root:
3L2H

INFO:root:
4JHY

INFO:root:
4R7S

INFO:root:
3QXB

INFO:root:
4EIU

INFO:root:
4E72

INFO:root:
3E02_i

INFO:root:
4LHS_i

INFO:root:
4LB8_i

INFO:root:
3TC9

INFO:root:
4GL6_i

INFO:root:
3QKB

INFO:root:
4FD0

INFO:root:
4Q34_i

INFO:root:
4E5V

INFO:root:
4R4K_i

INFO:root:
3OZ2_i

INFO:root:
3LM3_i

INFO:root:
4LEH_i

INFO:root:
4OTE_i

INFO:root:
3LHI

INFO:root:
3MWX_i

INFO:root:
4ONZ

INFO:root:
4E5V_i

INFO:root:
4E9K_i

INFO:root:
3LOT

INFO:root:
3NOH

INFO:root:
3MDQ

INFO:root:
3P2C_i

INFO:root:
3SBU

INFO:root:
3NQN

INFO:root:
4QVU_i

INFO:root:
3LUL_i

INFO:root:
3U6G_i

INFO:root:
3POH

INFO:root:
3LWD

INFO:root:
3OYV_i

INFO:root:
4LGQ

INFO:root:
3P1T_i

INFO:root:
3MYV_i

INFO:root:
4YJW

INFO:root:
4JM1_i

INFO:root:
4FSV_i

INFO:root:
3T7L

INFO:root:
4FO5

INFO:root:
3LUB_i

INFO:root:
4E6F_i

INFO:root:
4EZG_i

INFO:root:
3SNX_i

INFO:root:
4KQ7_i

INFO:root:
4QHX

INFO:root:
4HBR_i

INFO:root:
3MCX

INFO:root:
3LEW

INFO:root:
3QWM

INFO:root:
3E49

INFO:root:
4L8P

INFO:root:
3O0L_i

INFO:root:
4EF2_i

INFO:root:
3NL9

INFO:root:
3SB4_i

INFO:root:
4QHZ_i

INFO:root:
3QQW_i

INFO:root:
3PXV

INFO:root:
3L22_i

INFO:root:
3LJY

INFO:root:
3L5O

INFO:root:
4R4K

INFO:root:
3NNR

INFO:root:
3T2L

INFO:root:
4LG3

INFO:root:
4E6E_i

INFO:root:
4GL6

INFO:root:
4FSS_i

INFO:root:
4FM3_i

INFO:root:
3PAS

INFO:root:
4OBI

INFO:root:
4L8N_i

INFO:root:
3E39

INFO:root:
3R8E

INFO:root:
4DWF

INFO:root:
3L23_i

INFO:root:
4DNK

INFO:root:
3E5D

INFO:root:
3U21_i

INFO:root:
4JPQ

INFO:root:
3PJ0

INFO:root:
3NRB

INFO:root:
3TD9

INFO:root:
1VKU_i

INFO:root:
3QTA_i

INFO:root:
3LWC_i

INFO:root:
4NR2

INFO:root:
3E11

INFO:root:
3NRE_i

INFO:root:
3NFV

INFO:root:
4DWE

INFO:root:
4E9K

INFO:root:
4ECN_i

INFO:root:
3E8O

INFO:root:
4DWF_i

INFO:root:
3PJ0_i

INFO:root:
4K4K_i

INFO:root:
3TAW

INFO:root:
4L3R

INFO:root:
4R7F_i

INFO:root:
3NPP

INFO:root:
1VKM_i

INFO:root:
3MSW

INFO:root:
3N6Y_i

INFO:root:
4HFS

INFO:root:
4Q1Z

INFO:root:
4FVS

INFO:root:
3SGH

INFO:root:
4QRL_i

INFO:root:
4FMR

INFO:root:
4K3F_i

INFO:root:
3RF7_i

INFO:root:
1VJF_i

INFO:root:
3PAS_i

INFO:root:
3MX3

INFO:root:
3M1U

INFO:root:
3NO3_i

INFO:root:
3LLX

INFO:root:
3N0V_i

INFO:root:
4HWM_i

INFO:root:
4O2T

INFO:root:
4LIR_i

INFO:root:
4NZJ_i

INFO:root:
4A35

INFO:root:
4FD0_i

INFO:root:
3S6E

INFO:root:
3LEW_i

INFO:root:
3PVQ_i

INFO:root:
3LIU

INFO:root:
3OTN_i

INFO:root:
3OWR_i

INFO:root:
3PPL_i

INFO:root:
4MJG

INFO:root:
4DJN

INFO:root:
3SIY_i

INFO:root:
3E99_i

INFO:root:
3NPP_i

INFO:root:
4DQA

INFO:root:
3SCY

INFO:root:
3E49_i

INFO:root:
4ORL_i

INFO:root:
4JM1

INFO:root:
3OF4

INFO:root:
3RH7

INFO:root:
4G2A

INFO:root:
4QRL

INFO:root:
3NQI_i

INFO:root:
1VK9

INFO:root:
3SNO_i

INFO:root:
3LWX_i

INFO:root:
3MZ2_i

INFO:root:
3ULH

INFO:root:
3SNX

INFO:root:
3NQI

INFO:root:
4MJF_i

INFO:root:
4EI0

INFO:root:
4FMZ

INFO:root:
4M8R_i

INFO:root:
4DJN_i

INFO:root:
3PAY

INFO:root:
4LBA

INFO:root:
4M0H_i

INFO:root:
3MYV

INFO:root:
3SO5

INFO:root:
1VLI

INFO:root:
4FTD

INFO:root:
4COS_i

INFO:root:
4XWX

INFO:root:
4QGP

INFO:root:
4ECN

INFO:root:
4E6R

INFO:root:
3LHO

INFO:root:
4KH8

INFO:root:
3NQN_i

INFO:root:
3MCR_i

INFO:root:
4Q1V

INFO:root:
4L8J_i

INFO:root:
4GCM

INFO:root:
3NRA

INFO:root:
3P6L

INFO:root:
3LY1_i

INFO:root:
3SC3_i

INFO:root:
4R1M_i

INFO:root:
3R4K_i

INFO:root:
3MYX_i

INFO:root:
4NTL_i

INFO:root:
2X57_i

INFO:root:
4OBI_i

INFO:root:
3SO5_i

INFO:root:
4HWM

INFO:root:
4G2A_i

INFO:root:
3LHN

INFO:root:
3QC2_i

INFO:root:
3LWF_i

INFO:root:
4DF9_i

INFO:root:
4NZJ

INFO:root:
4R03_i

INFO:root:
4J5M

INFO:root:
3NPF

INFO:root:
3NUF

INFO:root:
4HW6

INFO:root:
3UC2

INFO:root:
3OWR

INFO:root:
3NL9_i

INFO:root:
4GHN_i

INFO:root:
4FS7_i

INFO:root:
3LYC

INFO:root:
3RJV

INFO:root:
1VK4

INFO:root:
4ECF

INFO:root:
3POH_i

INFO:root:
4H1X_i

INFO:root:
4QVU

INFO:root:
3SY6_i

INFO:root:
4NZK_i

INFO:root:
4HBR

INFO:root:
4ICI

INFO:root:
3UWS

INFO:root:
4R03

INFO:root:
4N0R

INFO:root:
3U21

INFO:root:
4EPZ

INFO:root:
4EF2

INFO:root:
4YGT

INFO:root:
4LHS

INFO:root:
4YOD

INFO:root:
4OPM

INFO:root:
3PET

INFO:root:
3E4V_i

INFO:root:
3SEE

INFO:root:
4KWY_i

INFO:root:
3R13

INFO:root:
3P6K_i

INFO:root:
4M8K_i

INFO:root:
4HET

INFO:root:
4OBM_i

INFO:root:
4QY7

INFO:root:
3RZA_i

INFO:root:
3S5R

INFO:root:
3LLX_i

INFO:root:
3E38

INFO:root:
3OSD

INFO:root:
3LOU

INFO:root:
3LHO_i

INFO:root:
3M1U_i

INFO:root:
4QDG

INFO:root:
4YER_i

INFO:root:
3LUB

INFO:root:
3NYY

INFO:root:
3QC3_i

INFO:root:
3QTA

INFO:root:
3E38_i

INFO:root:
3ODP

INFO:root:
3M1T_i

INFO:root:
4JX0

INFO:root:
3MCP_i

INFO:root:
3E02

INFO:root:
3SGG_i

INFO:root:
4GBS

INFO:root:
4OLE_i

INFO:root:
3NUF_i

INFO:root:
3NFV_i

INFO:root:
4LGC_i

INFO:root:
4Q53_i

INFO:root:
4MXT

INFO:root:
4G5A

INFO:root:
4FSS

INFO:root:
4KH8_i

INFO:root:
4MXT_i

INFO:root:
3TD9_i

INFO:root:
4JQR_i

INFO:root:
3M1T

INFO:root:
3LWX

INFO:root:
4GDZ_i

INFO:root:
4DNL

INFO:root:
4QPV

INFO:root:
3PL0

INFO:root:
2WA0

INFO:root:
3LYC_i

INFO:root:
4PW1_i

INFO:root:
4F7A_i

INFO:root:
4Q98_i

INFO:root:
3R8E_i

INFO:root:
4FDW

INFO:root:
3PL0_i

INFO:root:
4PUC

INFO:root:
4EZI_i

INFO:root:
4LG3_i

INFO:root:
3S25

INFO:root:
1VK2_i

INFO:root:
3E4V

INFO:root:
3TY1_i

INFO:root:
3UWS_i

INFO:root:
3M7A_i

INFO:root:
3L23

INFO:root:
3LN3

INFO:root:
4Q53

INFO:root:
4Q98

INFO:root:
4NKP

INFO:root:
4PUX

INFO:root:
3E8S

INFO:root:
2YPD_i

INFO:root:
4EI0_i

INFO:root:
3LIU_i

INFO:root:
3US5

INFO:root:
1VL7

INFO:root:
3OAO_i

INFO:root:
3O14_i

INFO:root:
3S6E_i

INFO:root:
4GBS_i

INFO:root:
3MZ2

INFO:root:
3OT2_i

INFO:root:
3OF4_i

INFO:root:
3N0X_i

INFO:root:
3QQM_i

INFO:root:
4EPS_i

INFO:root:
3U1W_i

INFO:root:
3MST_i

INFO:root:
3MSW_i

INFO:root:
3MCX_i

INFO:root:
3OAO

INFO:root:
4OTE

INFO:root:
4KH9

INFO:root:
3TC8_i

INFO:root:
4YER

INFO:root:
3E39_i

INFO:root:
3P02_i

INFO:root:
4OPW_i

INFO:root:
4MJG_i

INFO:root:
3QNK

INFO:root:
4YOD_i

INFO:root:
3E10

INFO:root:
3RWX

INFO:root:
4L7A

INFO:root:
4Q9A_i

INFO:root:
4GZV

INFO:root:
3R4K

INFO:root:
4E6E

INFO:root:
4QPV_i

INFO:root:
3P3V_i

INFO:root:
3QKX

INFO:root:
3UFI_i

INFO:root:
3N0V

INFO:root:
4L0N

INFO:root:
3MST

INFO:root:
3SEE_i

INFO:root:
4GL3_i

INFO:root:
4F53_i

INFO:root:
3LWC

INFO:root:
3NRB_i

INFO:root:
3QEC

INFO:root:
3LM2_i

INFO:root:
4QEY_i

INFO:root:
3P1T

INFO:root:
3SBU_i

INFO:root:
4J5M_i

INFO:root:
3N0X

INFO:root:
4R1M

INFO:root:
3PNX

INFO:root:
4YJW_i

INFO:root:
3E11_i

INFO:root:
3LJY_i

INFO:root:
3RJV_i

INFO:root:
3MYX

INFO:root:
3PVQ

INFO:root:
4E6F

INFO:root:
3NNB_i

INFO:root:
3RWX_i

INFO:root:
3QNK_i

INFO:root:
3RH3

INFO:root:
3NO2

INFO:root:
3PXP_i

INFO:root:
4QE0_i

INFO:root:
4QRK

INFO:root:
3M5K_i

INFO:root:
3NPF_i

INFO:root:
3R4I

INFO:root:
3OZ2

INFO:root:
3NRE

INFO:root:
3K2O

INFO:root:
3LOT_i

INFO:root:
3NQO_i

INFO:root:
3QZB

INFO:root:
3LYG

INFO:root:
4LQX_i

INFO:root:
3NYY_i

INFO:root:
4YGU

INFO:root:
3LN3_i

INFO:root:
4A35_i

INFO:root:
4FTD_i

INFO:root:
4MCJ

INFO:root:
3MTQ

INFO:root:
4I8I

INFO:root:
3N0W_i

INFO:root:
4L1N_i

INFO:root:
4DNK_i

INFO:root:
4GPV

INFO:root:
3NNR_i

INFO:root:
3NRA_i

INFO:root:
3UFI

INFO:root:
1VJF

INFO:root:
4F7A

INFO:root:
3RH7_i

INFO:root:
1VL4

INFO:root:
4LBA_i

INFO:root:
4GPV_i

INFO:root:
4M8K

INFO:root:
3P3V

INFO:root:
4RN3

INFO:root:
4Q1Z_i

INFO:root:
3LHN_i

INFO:root:
4PTB

INFO:root:
4JQS_i

INFO:root:
3U6G

INFO:root:
3R13_i

INFO:root:
3NOH_i

INFO:root:
3PAY_i

INFO:root:
3UCG

INFO:root:
4LQX

INFO:root:
3ODP_i

INFO:root:
3N91_i

INFO:root:
3LYH

INFO:root:
4OJU_i

INFO:root:
3QWM_i

INFO:root:
3PXV_i

INFO:root:
4KWY

INFO:root:
4E2E_i

INFO:root:
3NWP

INFO:root:
3NO2_i

INFO:root:
4YGT_i

INFO:root:
1VK9_i

INFO:root:
3MCW_i

INFO:root:
4JQR

INFO:root:
4MRU_i

INFO:root:
4F54

INFO:root:
3LWS_i

INFO:root:
3QC3

INFO:root:
3MDP

INFO:root:
3MBJ

INFO:root:
4JGL_i

INFO:root:
3LOU_i

INFO:root:
4JX0_i

INFO:root:
3P94

INFO:root:
4K61

INFO:root:
3LUR_i

INFO:root:
3P6L_i

INFO:root:
3P2C

INFO:root:
3SNO

INFO:root:
4OO3_i

INFO:root:
4ECG_i

INFO:root:
3N8U_i

INFO:root:
3UWT

INFO:root:
3T2L_i

INFO:root:
4DNL_i

INFO:root:
4JJA

INFO:root:
3PFE

INFO:root:
3PFO_i

INFO:root:
3S5Q_i

INFO:root:
3OYV

INFO:root:
3MCQ_i

INFO:root:
3PPB_i

INFO:root:
3LWS

INFO:root:
4ECG

INFO:root:
3N6Y

INFO:root:
3RF7

INFO:root:
4QGP_i

INFO:root:
2WZK_i

INFO:root:
3MBH

INFO:root:
4I8I_i

INFO:root:
3S9J

INFO:root:
3N6X

INFO:root:
4N0R_i

INFO:root:
3PM9_i

INFO:root:
4F98_i

INFO:root:
4PWU

INFO:root:
4OJU

INFO:root:
4JQT

INFO:root:
4QE0

INFO:root:
4QDY_i

INFO:root:
4QFU

INFO:root:
3LUR

INFO:root:
3O0L

INFO:root:
4PQX_i

INFO:root:
4LER

INFO:root:
3M7A

INFO:root:
3US4

INFO:root:
3PNX_i

INFO:root:
4PW1

INFO:root:
4FMR_i

INFO:root:
4M0H

INFO:root:
4O2T_i

INFO:root:
2XXZ

INFO:root:
4NR2_i

INFO:root:
3S5R_i

INFO:root:
3MCQ

INFO:root:
3MBH_i

INFO:root:
4K3F

INFO:root:
4E6R_i

INFO:root:
4HW6_i

INFO:root:
4ECO

INFO:root:
4F53

INFO:root:
3PPL

INFO:root:
3NQO

INFO:root:
3L5O_i

INFO:root:
4L8J

INFO:root:
3N8U

INFO:root:
3RZA

INFO:root:
4Q0Y_i

INFO:root:
3P02

INFO:root:
3LUL

INFO:root:
3L2N_i

INFO:root:
3UP6

INFO:root:
4EBG

INFO:root:
4JRL

INFO:root:
4Q0Y

INFO:root:
4L8P_i

INFO:root:
3PGV

INFO:root:
3MDO

INFO:root:
4DGU

INFO:root:
3TC8

INFO:root:
4PUC_i

INFO:root:
4QY7_i

INFO:root:
3E97_i

INFO:root:
4QT9_i

INFO:root:
3QZB_i

INFO:root:
3PGV_i

INFO:root:
3E5D_i

INFO:root:
4JPQ_i

INFO:root:
1VL4_i

INFO:root:
4LQZ

INFO:root:
4FMZ_i

INFO:root:
4HF7_i

INFO:root:
3UCH

INFO:root:
3E99

INFO:root:
4L8K

INFO:root:
4FDW_i

INFO:root:
5FTA_i

INFO:root:
4PPY_i

INFO:root:
4R7S_i

INFO:root:
4HET_i

INFO:root:
2XVT

INFO:root:
4GT6_i

INFO:root:
4QHX_i

INFO:root:
3UWT_i

INFO:root:
3NNB

INFO:root:
4DF9

INFO:root:
3V4M_i

INFO:root:
3N5L

INFO:root:
4R7F

INFO:root:
4EIU_i

INFO:root:
3RH2_i

INFO:root:
3MC3_i

INFO:root:
4QHB_i

INFO:root:
4K05_i

INFO:root:
3QZ4

INFO:root:
4ECF_i

INFO:root:
3N6X_i

INFO:root:
4MUD_i

INFO:root:
4FR9

INFO:root:
4PTB_i

INFO:root:
1VK2

INFO:root:
4JRL_i

INFO:root:
4JJA_i

INFO:root:
4ONZ_i

INFO:root:
3P1V

INFO:root:
3UCG_i

INFO:root:
4H08

INFO:root:
4DWE_i

INFO:root:
3E10_i

INFO:root:
4MCJ_i

INFO:root:
4XWX_i

INFO:root:
3E97

INFO:root:
3L22

INFO:root:
4ICI_i

INFO:root:
4H1X

INFO:root:
3MWX

INFO:root:
4I95

INFO:root:
3NA6

INFO:root:
4GT6

INFO:root:
4OPM_i

INFO:root:
3P94_i

INFO:root:
4PWU_i

INFO:root:
4ESN

INFO:root:
3TC9_i

INFO:root:
4L8N

INFO:root:
4EPS

INFO:root:
1VKM

INFO:root:
2WZK

INFO:root:
3S5T_i

INFO:root:
3PW3

INFO:root:
4FJ6_i

INFO:root:
4QB7

INFO:root:
3NQK_i

INFO:root:
3NWP_i

INFO:root:
3RH3_i

INFO:root:
3MCP

INFO:root:
3MDQ_i

INFO:root:
4GL3

INFO:root:
4L3R_i

INFO:root:
3PPB

INFO:root:
4L7A_i

INFO:root:
1VL7_i

INFO:root:
3LYH_i

INFO:root:
3N91

INFO:root:
4PUX_i

INFO:root:
4LB8

INFO:root:
3MCW

INFO:root:
4LII

INFO:root:
4ME9_i

INFO:root:
4JQT_i

INFO:root:
4FR9_i

INFO:root:
3UC2_i

INFO:root:
4FVS_i

INFO:root:
4HSP_i

INFO:root:Running learn.py for parameters: batchsize: 64
epochs : 300
loss: categorical_crossentropy
learning rate: 0.0001
parallelization: True
decay rate: 1e-08
Raw: False
thresh: 0.5
fraction train: 0.7
INFO:root:Train: [16472.  5294.] 
 Test: [7063. 2266.]
INFO:root:Class weights: {0: 0.6606969402622632, 1: 2.055723460521345} 
input shape: [201, 201, 3]
INFO:root:
 Model setup:
INFO:root:Convolution2D(32,(3,3),kernel_initializer=initializers.he_normal(),
                   activation='relu',padding='same',input_shape=input_shape2,name='Conv_1')
INFO:root:MaxPooling2D(pool_size=(2,2),name='Pool_1')
INFO:root:BatchNormalization()
INFO:root:Convolution2D(64,(3,3),activation='relu',padding='same',name='Conv_2')
INFO:root:MaxPooling2D(pool_size=(2,2),name='Pool_2')
INFO:root:BatchNormalization()
INFO:root:Flatten()
INFO:root:Dropout(0.75)
INFO:root:BatchNormalization()
INFO:root:Dense(128,activation='relu',name='Dense_1',kernel_regularizer=regularizers.l2(0.15))
INFO:root:Dense(2,activation='softmax',name='predictions')
DEBUG:matplotlib.font_manager:findfont: Matching :family=sans-serif:style=normal:variant=normal:weight=normal:stretch=normal:size=12.0 to DejaVu Sans ('/dls_sw/apps/python/anaconda/1.7.0/64/envs/python3/lib/python3.6/site-packages/matplotlib/mpl-data/fonts/ttf/DejaVuSans.ttf') with score of 0.050000
DEBUG:matplotlib.font_manager:findfont: Matching :family=sans-serif:style=normal:variant=normal:weight=normal:stretch=normal:size=10.0 to DejaVu Sans ('/dls_sw/apps/python/anaconda/1.7.0/64/envs/python3/lib/python3.6/site-packages/matplotlib/mpl-data/fonts/ttf/DejaVuSans.ttf') with score of 0.050000
INFO:root:loss is: 1.5016850682109457 
accuracy is: 0.8758709400921009 
Predictions: 

INFO:root:[[0.90796524 0.09203482]
 [0.94288486 0.05711519]
 [0.05172965 0.9482703 ]
 ...
 [0.968991   0.03100907]
 [0.976835   0.02316492]
 [0.93002236 0.06997772]]
INFO:root:Number of true negatives = 6759

INFO:root:Number of false negatives = 854

INFO:root:Number of true positives = 1412

INFO:root:Number of false positives = 304

INFO:root:__________________________________________________________________________________________________

INFO:root:Layer (type)                    Output Shape         Param #     Connected to                     

INFO:root:==================================================================================================

INFO:root:Conv_1_input (InputLayer)       (None, 201, 201, 3)  0                                            

INFO:root:__________________________________________________________________________________________________

INFO:root:lambda_1 (Lambda)               (None, 201, 201, 3)  0           Conv_1_input[0][0]               

INFO:root:__________________________________________________________________________________________________

INFO:root:lambda_2 (Lambda)               (None, 201, 201, 3)  0           Conv_1_input[0][0]               

INFO:root:__________________________________________________________________________________________________

INFO:root:lambda_3 (Lambda)               (None, 201, 201, 3)  0           Conv_1_input[0][0]               

INFO:root:__________________________________________________________________________________________________

INFO:root:lambda_4 (Lambda)               (None, 201, 201, 3)  0           Conv_1_input[0][0]               

INFO:root:__________________________________________________________________________________________________

INFO:root:mapmodel_1 (MapModel)           (None, 2)            21140162    lambda_1[0][0]                   

INFO:root:                                                                 lambda_2[0][0]                   

INFO:root:                                                                 lambda_3[0][0]                   

INFO:root:                                                                 lambda_4[0][0]                   

INFO:root:__________________________________________________________________________________________________

INFO:root:predictions (Concatenate)       (None, 2)            0           mapmodel_1[1][0]                 

INFO:root:                                                                 mapmodel_1[2][0]                 

INFO:root:                                                                 mapmodel_1[3][0]                 

INFO:root:                                                                 mapmodel_1[4][0]                 

INFO:root:==================================================================================================

INFO:root:Total params: 21,140,162

INFO:root:Trainable params: 20,819,970

INFO:root:Non-trainable params: 320,192

INFO:root:__________________________________________________________________________________________________

INFO:root:3OSD: averaged likelihood of being phased: 0.07562204895334111 score of map: 0
INFO:root:3OSD_i: averaged likelihood of being phased: 0.055367033349143134 score of map: 0
INFO:root:4EZI: averaged likelihood of being phased: 0.1074982822769218 score of map: 0
INFO:root:4EZI_i: averaged likelihood of being phased: 0.2959501624935203 score of map: 0
INFO:root:3MDO: averaged likelihood of being phased: 0.8584562579790751 score of map: 1
INFO:root:3MDO_i: averaged likelihood of being phased: 0.028403940776156055 score of map: 0
INFO:root:4NR2: averaged likelihood of being phased: 0.07645976812475258 score of map: 0
INFO:root:4NR2_i: averaged likelihood of being phased: 0.12935847164028222 score of map: 0
INFO:root:4R03: averaged likelihood of being phased: 0.06376663367781374 score of map: 0
INFO:root:4R03_i: averaged likelihood of being phased: 0.08522858520348867 score of map: 0
INFO:root:4OTE: averaged likelihood of being phased: 0.10582704115658999 score of map: 0
INFO:root:4OTE_i: averaged likelihood of being phased: 0.0746639081173473 score of map: 0
INFO:root:4OJU: averaged likelihood of being phased: 0.11480854724844297 score of map: 0
INFO:root:4OJU_i: averaged likelihood of being phased: 0.6388350985116429 score of map: 1
INFO:root:3RF7: averaged likelihood of being phased: 0.3901265047490597 score of map: 0
INFO:root:3RF7_i: averaged likelihood of being phased: 0.757721233036783 score of map: 1
INFO:root:4LIR: averaged likelihood of being phased: 0.12727467752993107 score of map: 0
INFO:root:4LIR_i: averaged likelihood of being phased: 0.5145926882823308 score of map: 1
INFO:root:4ORL_i: averaged likelihood of being phased: 0.2550783929725488 score of map: 0
INFO:root:4DF9: averaged likelihood of being phased: 0.0921986714626352 score of map: 0
INFO:root:4DF9_i: averaged likelihood of being phased: 0.1086610235273838 score of map: 0
INFO:root:2X57: averaged likelihood of being phased: 0.06411889058848222 score of map: 0
INFO:root:2X57_i: averaged likelihood of being phased: 0.06979830997685592 score of map: 0
INFO:root:3U22: averaged likelihood of being phased: 0.7894551790422863 score of map: 1
INFO:root:3U22_i: averaged likelihood of being phased: 0.12514615189284087 score of map: 0
INFO:root:3L22: averaged likelihood of being phased: 0.13880933672189713 score of map: 0
INFO:root:3L22_i: averaged likelihood of being phased: 0.8226319692201085 score of map: 1
INFO:root:4MRU_i: averaged likelihood of being phased: 0.06343103908002376 score of map: 0
INFO:root:3LYG: averaged likelihood of being phased: 0.05346255078911781 score of map: 0
INFO:root:3LYG_i: averaged likelihood of being phased: 0.12630744754440254 score of map: 0
INFO:root:3MCX: averaged likelihood of being phased: 0.062377398171358636 score of map: 0
INFO:root:3MCX_i: averaged likelihood of being phased: 0.061979261454608706 score of map: 0
INFO:root:3LN3: averaged likelihood of being phased: 0.14867163490917948 score of map: 0
INFO:root:3LN3_i: averaged likelihood of being phased: 0.1123548316458861 score of map: 0
INFO:root:4QHW: averaged likelihood of being phased: 0.13373147737648752 score of map: 0
INFO:root:4QHW_i: averaged likelihood of being phased: 0.11985867035885651 score of map: 0
INFO:root:3QZ4: averaged likelihood of being phased: 0.09962700969643062 score of map: 0
INFO:root:4E2E: averaged likelihood of being phased: 0.5240467114581002 score of map: 1
INFO:root:4E2E_i: averaged likelihood of being phased: 0.16350610723925962 score of map: 0
INFO:root:3UWT: averaged likelihood of being phased: 0.7514758330252436 score of map: 1
INFO:root:3UWT_i: averaged likelihood of being phased: 0.08378001815742916 score of map: 0
INFO:root:3N5L: averaged likelihood of being phased: 0.07906097285449505 score of map: 0
INFO:root:3N5L_i: averaged likelihood of being phased: 0.04267352991220024 score of map: 0
INFO:root:4EXR: averaged likelihood of being phased: 0.06288413616518179 score of map: 0
INFO:root:4EXR_i: averaged likelihood of being phased: 0.5483015515738063 score of map: 1
INFO:root:3QKB: averaged likelihood of being phased: 0.6992436761657397 score of map: 1
INFO:root:3QKB_i: averaged likelihood of being phased: 0.04844098902410931 score of map: 0
INFO:root:3R13: averaged likelihood of being phased: 0.12426897568835152 score of map: 0
INFO:root:3R13_i: averaged likelihood of being phased: 0.13590305811829037 score of map: 0
INFO:root:3SEE: averaged likelihood of being phased: 0.04296906646341085 score of map: 0
INFO:root:3SEE_i: averaged likelihood of being phased: 0.17150357891288068 score of map: 0
INFO:root:3MDP: averaged likelihood of being phased: 0.2806984816160467 score of map: 0
INFO:root:3MDP_i: averaged likelihood of being phased: 0.45717109243075055 score of map: 0
INFO:root:4FDW: averaged likelihood of being phased: 0.032270935674508415 score of map: 0
INFO:root:4FDW_i: averaged likelihood of being phased: 0.05445952324403657 score of map: 0
INFO:root:4HWM: averaged likelihood of being phased: 0.4657142038974497 score of map: 0
INFO:root:4HWM_i: averaged likelihood of being phased: 0.6548978098978598 score of map: 1
INFO:root:3M1T: averaged likelihood of being phased: 0.0703204282042053 score of map: 0
INFO:root:3M1T_i: averaged likelihood of being phased: 0.12650902888013257 score of map: 0
INFO:root:4QNI: averaged likelihood of being phased: 0.11666993488454157 score of map: 0
INFO:root:4QNI_i: averaged likelihood of being phased: 0.20768061172631053 score of map: 0
INFO:root:4HBR: averaged likelihood of being phased: 0.2960644771655401 score of map: 0
INFO:root:4HBR_i: averaged likelihood of being phased: 0.5760160831113657 score of map: 1
INFO:root:4JJA: averaged likelihood of being phased: 0.6404437995826204 score of map: 1
INFO:root:4JJA_i: averaged likelihood of being phased: 0.5968867314358552 score of map: 1
INFO:root:4FO5: averaged likelihood of being phased: 0.20809486475255753 score of map: 0
INFO:root:4FO5_i: averaged likelihood of being phased: 0.2995428722972671 score of map: 0
INFO:root:4YER: averaged likelihood of being phased: 0.6419034973614746 score of map: 1
INFO:root:4YER_i: averaged likelihood of being phased: 0.10880639334726665 score of map: 0
INFO:root:3PVQ: averaged likelihood of being phased: 0.0849156817007396 score of map: 0
INFO:root:3PVQ_i: averaged likelihood of being phased: 0.12112099706298775 score of map: 0
INFO:root:3LHO: averaged likelihood of being phased: 0.055532573711954886 score of map: 0
INFO:root:3LHO_i: averaged likelihood of being phased: 0.05494383360362715 score of map: 0
INFO:root:3QC2_i: averaged likelihood of being phased: 0.11393751497897837 score of map: 0
INFO:root:3NPP: averaged likelihood of being phased: 0.2216712885018852 score of map: 0
INFO:root:3NPP_i: averaged likelihood of being phased: 0.3186669323179457 score of map: 0
INFO:root:4K61: averaged likelihood of being phased: 0.20411569236053362 score of map: 0
INFO:root:3S6E: averaged likelihood of being phased: 0.7672481854756673 score of map: 1
INFO:root:3S6E_i: averaged likelihood of being phased: 0.06896707303304639 score of map: 0
INFO:root:3R8E: averaged likelihood of being phased: 0.20242059864103795 score of map: 0
INFO:root:3R8E_i: averaged likelihood of being phased: 0.2944146052830749 score of map: 0
INFO:root:3US5: averaged likelihood of being phased: 0.27223935265921884 score of map: 0
INFO:root:3US5_i: averaged likelihood of being phased: 0.2162872304312057 score of map: 0
INFO:root:4F53: averaged likelihood of being phased: 0.7171023032317559 score of map: 1
INFO:root:4F53_i: averaged likelihood of being phased: 0.33748574027170736 score of map: 0
INFO:root:3SCY: averaged likelihood of being phased: 0.22847596485581662 score of map: 0
INFO:root:3SCY_i: averaged likelihood of being phased: 0.1641075214991967 score of map: 0
INFO:root:3LUR: averaged likelihood of being phased: 0.10069339455415806 score of map: 0
INFO:root:3LUR_i: averaged likelihood of being phased: 0.11440363720887237 score of map: 0
INFO:root:3OF4: averaged likelihood of being phased: 0.051766064597500695 score of map: 0
INFO:root:3OF4_i: averaged likelihood of being phased: 0.1910008670969142 score of map: 0
INFO:root:3P1V: averaged likelihood of being phased: 0.14247168865468768 score of map: 0
INFO:root:3P1V_i: averaged likelihood of being phased: 0.09346738830208778 score of map: 0
INFO:root:4F98_i: averaged likelihood of being phased: 0.28421375946135313 score of map: 0
INFO:root:3E5D: averaged likelihood of being phased: 0.14105091558562385 score of map: 0
INFO:root:3E5D_i: averaged likelihood of being phased: 0.528565059022771 score of map: 1
INFO:root:4KQ7: averaged likelihood of being phased: 0.24695009344981778 score of map: 0
INFO:root:4KQ7_i: averaged likelihood of being phased: 0.30737674343917104 score of map: 0
INFO:root:3SGG: averaged likelihood of being phased: 0.10468668507205116 score of map: 0
INFO:root:3SGG_i: averaged likelihood of being phased: 0.2406584620475769 score of map: 0
INFO:root:ones 7: zeros 38

INFO:root:
Number of true positives:15

              Number of true negatives: 68

              Number of false positives: 3

              Number of false negatives: 14

INFO:root:accuracy = 0.83
INFO:root:Finished -- 18523.63619494438 seconds ---
