INFO:root:Running RunTrain.py
INFO:root:Date: 240918IP
INFO:root:this is a log file for the progress of image_slicing(). 

INFO:root:
4DAD_i

INFO:root:
3K2O_i

INFO:root:
3TY1

INFO:root:
3MCR

INFO:root:
3NA6_i

INFO:root:
3SGH_i

INFO:root:
3L12

INFO:root:
4I95_i

INFO:root:
4EBG_i

INFO:root:
4H08_i

INFO:root:
4M8R

INFO:root:
4K4K

INFO:root:
4FJ6

INFO:root:
1VJ1_i

INFO:root:
3U22_i

INFO:root:
4OO3

INFO:root:
4KH9_i

INFO:root:
3RH2

INFO:root:
4ECO_i

INFO:root:
4QRK_i

INFO:root:
3OTN

INFO:root:
3T7L_i

INFO:root:
4MJF

INFO:root:
3NPD_i

INFO:root:
4IAJ

INFO:root:
2X57

INFO:root:
3LMZ

INFO:root:
4GHB

INFO:root:
4MXN_i

INFO:root:
4R4G

INFO:root:
3UP6_i

INFO:root:
3N0W

INFO:root:
3LMZ_i

INFO:root:
4MYR_i

INFO:root:
3NQK

INFO:root:
4R4G_i

INFO:root:
4NTL

INFO:root:
3N5L_i

INFO:root:
3SC3

INFO:root:
3V4M

INFO:root:
4QDY

INFO:root:
4GZV_i

INFO:root:
3US5_i

INFO:root:
4EPZ_i

INFO:root:
3QEC_i

INFO:root:
4JQS

INFO:root:
3ULH_i

INFO:root:
3OSD_i

INFO:root:
3PXP

INFO:root:
1VJ1

INFO:root:
4YGU_i

INFO:root:
3UCH_i

INFO:root:
3SCY_i

INFO:root:
3PM9

INFO:root:
4QT9

INFO:root:
1VLI_i

INFO:root:
4EZI

INFO:root:
4OBM

INFO:root:
4DGU_i

INFO:root:
4QHW

INFO:root:
4Q1V_i

INFO:root:
4QDG_i

INFO:root:
4QAN_i

INFO:root:
3US4_i

INFO:root:
2WA0_i

INFO:root:
4COS

INFO:root:
4HF7

INFO:root:
3S9J_i

INFO:root:
4FXV

INFO:root:
3U1W

INFO:root:
3NPD

INFO:root:
4LER_i

INFO:root:
4OLE

INFO:root:
4FXV_i

INFO:root:
3S5Q

INFO:root:
4LIR

INFO:root:
4IAJ_i

INFO:root:
4GCM_i

INFO:root:
4PS6

INFO:root:
3L2H_i

INFO:root:
4LEH

INFO:root:
4FM3

INFO:root:
4LQZ_i

INFO:root:
3QTH_i

INFO:root:
4FO5_i

INFO:root:
4E2E

INFO:root:
3QQW

INFO:root:
4F54_i

INFO:root:
3PFE_i

INFO:root:
4AD9

INFO:root:
4RHO

INFO:root:
3L2N

INFO:root:
4PPY

INFO:root:
3O14

INFO:root:
3QXB_i

INFO:root:
3LY1

INFO:root:
3S25_i

INFO:root:
3M5K

INFO:root:
3P1V_i

INFO:root:
4HFS_i

INFO:root:
4L1N

INFO:root:
4LIJ

INFO:root:
3PET_i

INFO:root:
1VKW

INFO:root:
4QHB

INFO:root:
3L12_i

INFO:root:
4LGQ_i

INFO:root:
2YPD

INFO:root:
4ME9

INFO:root:
4Q9A

INFO:root:
3OT2

INFO:root:
3PJY_i

INFO:root:
4QNI

INFO:root:
2XXZ_i

INFO:root:
3MX3_i

INFO:root:
4KQ7

INFO:root:
3PJY

INFO:root:
4QHZ

INFO:root:
4JHY_i

INFO:root:
4LIJ_i

INFO:root:
3LM3

INFO:root:
1VKU

INFO:root:
2XVT_i

INFO:root:
3QKB_i

INFO:root:
3NO3

INFO:root:
3MZO

INFO:root:
4K05

INFO:root:
4Q6K

INFO:root:
4ORL

INFO:root:
4Q6K_i

INFO:root:
3E8S_i

INFO:root:
3LHI_i

INFO:root:
4APF_i

INFO:root:
3MBJ_i

INFO:root:
4QNI_i

INFO:root:
4OPW

INFO:root:
4HSP

INFO:root:
4FSV

INFO:root:
1VK8_i

INFO:root:
3TAW_i

INFO:root:
3R4I_i

INFO:root:
3LM2

INFO:root:
3P6K

INFO:root:
1VK4_i

INFO:root:
4NZK

INFO:root:
3LYG_i

INFO:root:
4GHN

INFO:root:
4EXR

INFO:root:
3MW8_i

INFO:root:
4MUD

INFO:root:
4PS6_i

INFO:root:
4RN3_i

INFO:root:
1VKW_i

INFO:root:
4QHW_i

INFO:root:
3LWJ_i

INFO:root:
4Q34

INFO:root:
4EZG

INFO:root:
3E98

INFO:root:
3SB4

INFO:root:
3SGG

INFO:root:
4FS7

INFO:root:
4DAD

INFO:root:
4GDZ

INFO:root:
3QTH

INFO:root:
3MDP_i

INFO:root:
4LGC

INFO:root:
3PW3_i

INFO:root:
3S5T

INFO:root:
3MDO_i

INFO:root:
3LWJ

INFO:root:
3QQM

INFO:root:
4EXR_i

INFO:root:
3SIY

INFO:root:
3MTQ_i

INFO:root:
4PQX

INFO:root:
3LWD_i

INFO:root:
3U22

INFO:root:
4QAN

INFO:root:
4PXY

INFO:root:
4NKP_i

INFO:root:
3PFO

INFO:root:
4JGL

INFO:root:
3L2H

INFO:root:
4JHY

INFO:root:
4R7S

INFO:root:
3QXB

INFO:root:
4EIU

INFO:root:
4E72

INFO:root:
3E02_i

INFO:root:
4LHS_i

INFO:root:
4LB8_i

INFO:root:
3TC9

INFO:root:
4GL6_i

INFO:root:
3QKB

INFO:root:
4FD0

INFO:root:
4Q34_i

INFO:root:
4E5V

INFO:root:
4R4K_i

INFO:root:
3OZ2_i

INFO:root:
3LM3_i

INFO:root:
4ME8

INFO:root:
4LEH_i

INFO:root:
3U1X

INFO:root:
4OTE_i

INFO:root:
3LHI

INFO:root:
3MWX_i

INFO:root:
4ONZ

INFO:root:
4E5V_i

INFO:root:
4PXY_i

INFO:root:
4E9K_i

INFO:root:
3LOT

INFO:root:
3NOH

INFO:root:
3MDQ

INFO:root:
3P2C_i

INFO:root:
3SBU

INFO:root:
3NQN

INFO:root:
4QVU_i

INFO:root:
3LUL_i

INFO:root:
3U6G_i

INFO:root:
3POH

INFO:root:
3LWD

INFO:root:
3OYV_i

INFO:root:
4LGQ

INFO:root:
3P1T_i

INFO:root:
3MYV_i

INFO:root:
4YJW

INFO:root:
4JM1_i

INFO:root:
4FSV_i

INFO:root:
3T7L

INFO:root:
4FO5

INFO:root:
3LUB_i

INFO:root:
4E6F_i

INFO:root:
4EZG_i

INFO:root:
3SNX_i

INFO:root:
4KQ7_i

INFO:root:
4QHX

INFO:root:
4HBR_i

INFO:root:
3MCX

INFO:root:
3LEW

INFO:root:
4LII_i

INFO:root:
3QWM

INFO:root:
3E49

INFO:root:
4L8P

INFO:root:
3O0L_i

INFO:root:
4EF2_i

INFO:root:
3NL9

INFO:root:
3SB4_i

INFO:root:
4QHZ_i

INFO:root:
3QQW_i

INFO:root:
3PXV

INFO:root:
3L22_i

INFO:root:
3LJY

INFO:root:
4GHB_i

INFO:root:
3L5O

INFO:root:
4JX2

INFO:root:
4R4K

INFO:root:
3NNR

INFO:root:
3T2L

INFO:root:
4QFU_i

INFO:root:
4LG3

INFO:root:
4E6E_i

INFO:root:
4GL6

INFO:root:
4FSS_i

INFO:root:
4FM3_i

INFO:root:
3PAS

INFO:root:
4OBI

INFO:root:
4L8N_i

INFO:root:
3E39

INFO:root:
3R8E

INFO:root:
4DWF

INFO:root:
3L23_i

INFO:root:
4DNK

INFO:root:
3E5D

INFO:root:
3U21_i

INFO:root:
4JPQ

INFO:root:
3PJ0

INFO:root:
3NRB

INFO:root:
4JX2_i

INFO:root:
3TD9

INFO:root:
1VKU_i

INFO:root:
3QTA_i

INFO:root:
3LWC_i

INFO:root:
4NR2

INFO:root:
3E11

INFO:root:
3NRE_i

INFO:root:
3NFV

INFO:root:
4DWE

INFO:root:
4E9K

INFO:root:
4ECN_i

INFO:root:
3E8O

INFO:root:
4DWF_i

INFO:root:
3PJ0_i

INFO:root:
4K4K_i

INFO:root:
3TAW

INFO:root:
4L3R

INFO:root:
4R7F_i

INFO:root:
3NPP

INFO:root:
1VKM_i

INFO:root:
3MSW

INFO:root:
3N6Y_i

INFO:root:
4HFS

INFO:root:
4Q1Z

INFO:root:
4FVS

INFO:root:
3SGH

INFO:root:
4QRL_i

INFO:root:
4FMR

INFO:root:
4K3F_i

INFO:root:
4KQT_i

INFO:root:
3RF7_i

INFO:root:
3QZ4_i

INFO:root:
1VJF_i

INFO:root:
3PAS_i

INFO:root:
3MX3

INFO:root:
3M1U

INFO:root:
4L8K_i

INFO:root:
3NO3_i

INFO:root:
3LLX

INFO:root:
3N0V_i

INFO:root:
4HWM_i

INFO:root:
4QB7_i

INFO:root:
4O2T

INFO:root:
4LIR_i

INFO:root:
4NZJ_i

INFO:root:
4YME_i

INFO:root:
4A35

INFO:root:
4E72_i

INFO:root:
4FD0_i

INFO:root:
3S6E

INFO:root:
3LEW_i

INFO:root:
3PVQ_i

INFO:root:
3LIU

INFO:root:
3OTN_i

INFO:root:
3OWR_i

INFO:root:
3PPL_i

INFO:root:
4MJG

INFO:root:
4DJN

INFO:root:
3SIY_i

INFO:root:
3E99_i

INFO:root:
3NPP_i

INFO:root:
4DQA

INFO:root:
3SCY

INFO:root:
3E49_i

INFO:root:
4ORL_i

INFO:root:
4JM1

INFO:root:
3E8O_i

INFO:root:
3OF4

INFO:root:
3RH7

INFO:root:
4G2A

INFO:root:
4QRL

INFO:root:
3NQI_i

INFO:root:
1VK9

INFO:root:
3SNO_i

INFO:root:
3LWX_i

INFO:root:
3MZ2_i

INFO:root:
3ULH

INFO:root:
3SNX

INFO:root:
3NQI

INFO:root:
4MJF_i

INFO:root:
4EI0

INFO:root:
4FMZ

INFO:root:
4M8R_i

INFO:root:
4DJN_i

INFO:root:
3PAY

INFO:root:
4LBA

INFO:root:
4M0H_i

INFO:root:
3MYV

INFO:root:
3SO5

INFO:root:
1VLI

INFO:root:
4FTD

INFO:root:
4COS_i

INFO:root:
4XWX

INFO:root:
4QGP

INFO:root:
4ECN

INFO:root:
4E6R

INFO:root:
3LHO

INFO:root:
3MC3

INFO:root:
4KH8

INFO:root:
3MZO_i

INFO:root:
3NQN_i

INFO:root:
3MCR_i

INFO:root:
4Q1V

INFO:root:
4APF

INFO:root:
4L8J_i

INFO:root:
4MXN

INFO:root:
4GCM

INFO:root:
3SY6

INFO:root:
3NRA

INFO:root:
3P6L

INFO:root:
3LY1_i

INFO:root:
3SC3_i

INFO:root:
4R1M_i

INFO:root:
3R4K_i

INFO:root:
3MYX_i

INFO:root:
4NTL_i

INFO:root:
2X57_i

INFO:root:
4OBI_i

INFO:root:
3SO5_i

INFO:root:
4HWM

INFO:root:
4G2A_i

INFO:root:
3LHN

INFO:root:
3QC2_i

INFO:root:
3LWF_i

INFO:root:
4DF9_i

INFO:root:
4NZJ

INFO:root:
4R03_i

INFO:root:
4J5M

INFO:root:
3NPF

INFO:root:
3NUF

INFO:root:
4HW6

INFO:root:
3UC2

INFO:root:
3OWR

INFO:root:
3NL9_i

INFO:root:
4GHN_i

INFO:root:
4FS7_i

INFO:root:
3LYC

INFO:root:
3RJV

INFO:root:
1VK4

INFO:root:
4ECF

INFO:root:
3POH_i

INFO:root:
4H1X_i

INFO:root:
4QVU

INFO:root:
3SY6_i

INFO:root:
4NZK_i

INFO:root:
3LWF

INFO:root:
4HBR

INFO:root:
4ICI

INFO:root:
3UWS

INFO:root:
4R03

INFO:root:
4F98

INFO:root:
4N0R

INFO:root:
3U21

INFO:root:
4EPZ

INFO:root:
4EF2

INFO:root:
4YGT

INFO:root:
4LHS

INFO:root:
4YOD

INFO:root:
4OPM

INFO:root:
4ESN_i

INFO:root:
3PET

INFO:root:
3E4V_i

INFO:root:
3SEE

INFO:root:
4KWY_i

INFO:root:
3R13

INFO:root:
3P6K_i

INFO:root:
4M8K_i

INFO:root:
4HET

INFO:root:
4OBM_i

INFO:root:
4QY7

INFO:root:
3RZA_i

INFO:root:
3S5R

INFO:root:
3LLX_i

INFO:root:
3E38

INFO:root:
3OSD

INFO:root:
3LOU

INFO:root:
3LHO_i

INFO:root:
3M1U_i

INFO:root:
4QDG

INFO:root:
4YER_i

INFO:root:
3LUB

INFO:root:
3NYY

INFO:root:
3QC3_i

INFO:root:
3QTA

INFO:root:
3E38_i

INFO:root:
3ODP

INFO:root:
3M1T_i

INFO:root:
4JX0

INFO:root:
3MCP_i

INFO:root:
3E02

INFO:root:
3SGG_i

INFO:root:
4GBS

INFO:root:
4OLE_i

INFO:root:
3NUF_i

INFO:root:
3NFV_i

INFO:root:
4LGC_i

INFO:root:
4Q53_i

INFO:root:
4MXT

INFO:root:
4G5A

INFO:root:
4FSS

INFO:root:
4KH8_i

INFO:root:
4MXT_i

INFO:root:
3TD9_i

INFO:root:
4JQR_i

INFO:root:
4AD9_i

INFO:root:
3M1T

INFO:root:
4ME8_i

INFO:root:
3E98_i

INFO:root:
3LWX

INFO:root:
4GDZ_i

INFO:root:
4DNL

INFO:root:
4QPV

INFO:root:
3PL0

INFO:root:
2WA0

INFO:root:
3LYC_i

INFO:root:
4MRU

INFO:root:
4PW1_i

INFO:root:
4F7A_i

INFO:root:
4Q98_i

INFO:root:
3R8E_i

INFO:root:
4FDW

INFO:root:
3PL0_i

INFO:root:
4PUC

INFO:root:
4EZI_i

INFO:root:
4LG3_i

INFO:root:
3S25

INFO:root:
1VK2_i

INFO:root:
3E4V

INFO:root:
3TY1_i

INFO:root:
3UWS_i

INFO:root:
3M7A_i

INFO:root:
3L23

INFO:root:
3LN3

INFO:root:
4Q53

INFO:root:
4Q98

INFO:root:
4NKP

INFO:root:
4PUX

INFO:root:
3E8S

INFO:root:
2YPD_i

INFO:root:
4EI0_i

INFO:root:
3LIU_i

INFO:root:
3US5

INFO:root:
1VL7

INFO:root:
3OAO_i

INFO:root:
3O14_i

INFO:root:
3S6E_i

INFO:root:
4GBS_i

INFO:root:
3MZ2

INFO:root:
3OT2_i

INFO:root:
3OF4_i

INFO:root:
3N0X_i

INFO:root:
3QQM_i

INFO:root:
4EPS_i

INFO:root:
3U1W_i

INFO:root:
3MST_i

INFO:root:
3MSW_i

INFO:root:
3MCX_i

INFO:root:
3OAO

INFO:root:
4OTE

INFO:root:
4KH9

INFO:root:
3TC8_i

INFO:root:
4YER

INFO:root:
3E39_i

INFO:root:
3QC2

INFO:root:
3P02_i

INFO:root:
4OPW_i

INFO:root:
4MJG_i

INFO:root:
1VK8

INFO:root:
3QNK

INFO:root:
4YOD_i

INFO:root:
3E10

INFO:root:
3RWX

INFO:root:
4L7A

INFO:root:
4Q9A_i

INFO:root:
4GZV

INFO:root:
3R4K

INFO:root:
4E6E

INFO:root:
4QPV_i

INFO:root:
3P3V_i

INFO:root:
3QKX

INFO:root:
3UFI_i

INFO:root:
3N0V

INFO:root:
4L0N

INFO:root:
3MST

INFO:root:
3SEE_i

INFO:root:
4GL3_i

INFO:root:
4F53_i

INFO:root:
3LWC

INFO:root:
3NRB_i

INFO:root:
3QEC

INFO:root:
3LM2_i

INFO:root:
4DQA_i

INFO:root:
4QEY_i

INFO:root:
3P1T

INFO:root:
3SBU_i

INFO:root:
4J5M_i

INFO:root:
3N0X

INFO:root:
4R1M

INFO:root:
3PNX

INFO:root:
4YJW_i

INFO:root:
3E11_i

INFO:root:
3QKX_i

INFO:root:
3LJY_i

INFO:root:
3RJV_i

INFO:root:
3MYX

INFO:root:
3PVQ

INFO:root:
4E6F

INFO:root:
3NNB_i

INFO:root:
3RWX_i

INFO:root:
3QNK_i

INFO:root:
3RH3

INFO:root:
3NO2

INFO:root:
3PXP_i

INFO:root:
4QE0_i

INFO:root:
4QRK

INFO:root:
3M5K_i

INFO:root:
3NPF_i

INFO:root:
3R4I

INFO:root:
3OZ2

INFO:root:
3NRE

INFO:root:
3K2O

INFO:root:
4L0N_i

INFO:root:
3LOT_i

INFO:root:
3NQO_i

INFO:root:
3QZB

INFO:root:
3LYG

INFO:root:
4LQX_i

INFO:root:
3NYY_i

INFO:root:
4YGU

INFO:root:
3LN3_i

INFO:root:
4A35_i

INFO:root:
4FTD_i

INFO:root:
4MCJ

INFO:root:
3MTQ

INFO:root:
4I8I

INFO:root:
4K61_i

INFO:root:
3N0W_i

INFO:root:
4L1N_i

INFO:root:
4DNK_i

INFO:root:
4GPV

INFO:root:
3NNR_i

INFO:root:
3NRA_i

INFO:root:
3UFI

INFO:root:
1VJF

INFO:root:
4F7A

INFO:root:
4MYR

INFO:root:
3RH7_i

INFO:root:
1VL4

INFO:root:
4LBA_i

INFO:root:
4GPV_i

INFO:root:
4M8K

INFO:root:
3P3V

INFO:root:
4RN3

INFO:root:
4Q1Z_i

INFO:root:
3LHN_i

INFO:root:
4PTB

INFO:root:
4JQS_i

INFO:root:
3U6G

INFO:root:
4QEY

INFO:root:
3R13_i

INFO:root:
3NOH_i

INFO:root:
3PAY_i

INFO:root:
3UCG

INFO:root:
4LQX

INFO:root:
3ODP_i

INFO:root:
3N91_i

INFO:root:
3LYH

INFO:root:
4OJU_i

INFO:root:
3QWM_i

INFO:root:
3PXV_i

INFO:root:
4KWY

INFO:root:
4E2E_i

INFO:root:
3NWP

INFO:root:
3NO2_i

INFO:root:
4YGT_i

INFO:root:
1VK9_i

INFO:root:
3MCW_i

INFO:root:
4JQR

INFO:root:
4MRU_i

INFO:root:
4F54

INFO:root:
3LWS_i

INFO:root:
3QC3

INFO:root:
3MDP

INFO:root:
3MBJ

INFO:root:
4JGL_i

INFO:root:
3LOU_i

INFO:root:
4JX0_i

INFO:root:
3P94

INFO:root:
4K61

INFO:root:
3LUR_i

INFO:root:
5FTA

INFO:root:
3P6L_i

INFO:root:
4LJX_i

INFO:root:
3P2C

INFO:root:
3SNO

INFO:root:
4OO3_i

INFO:root:
4ECG_i

INFO:root:
3MW8

INFO:root:
3N8U_i

INFO:root:
3UWT

INFO:root:
3T2L_i

INFO:root:
4DNL_i

INFO:root:
4JJA

INFO:root:
3PFE

INFO:root:
3PFO_i

INFO:root:
3S5Q_i

INFO:root:
3OYV

INFO:root:
3MCQ_i

INFO:root:
3PPB_i

INFO:root:
3LWS

INFO:root:
4ECG

INFO:root:
3N6Y

INFO:root:
3RF7

INFO:root:
4QGP_i

INFO:root:
2WZK_i

INFO:root:
3MBH

INFO:root:
4I8I_i

INFO:root:
3S9J

INFO:root:
3N6X

INFO:root:
4N0R_i

INFO:root:
3PM9_i

INFO:root:
4F98_i

INFO:root:
4PWU

INFO:root:
4OJU

INFO:root:
4JQT

INFO:root:
4QE0

INFO:root:
4QDY_i

INFO:root:
3U1X_i

INFO:root:
4QFU

INFO:root:
3LUR

INFO:root:
3O0L

INFO:root:
4PQX_i

INFO:root:
4LER

INFO:root:
4YME

INFO:root:
3M7A

INFO:root:
3US4

INFO:root:
4LJX

INFO:root:
3PNX_i

INFO:root:
4PW1

INFO:root:
4FMR_i

INFO:root:
4M0H

INFO:root:
4O2T_i

INFO:root:
2XXZ

INFO:root:
4NR2_i

INFO:root:
3S5R_i

INFO:root:
3MCQ

INFO:root:
3MBH_i

INFO:root:
4K3F

INFO:root:
4E6R_i

INFO:root:
4HW6_i

INFO:root:
4ECO

INFO:root:
4F53

INFO:root:
3PPL

INFO:root:
3NQO

INFO:root:
3L5O_i

INFO:root:
4L8J

INFO:root:
3N8U

INFO:root:
3RZA

INFO:root:
4Q0Y_i

INFO:root:
3P02

INFO:root:
3LUL

INFO:root:
3L2N_i

INFO:root:
3UP6

INFO:root:
4EBG

INFO:root:
3S7R_i

INFO:root:
4JRL

INFO:root:
4RHO_i

INFO:root:
4Q0Y

INFO:root:
4L8P_i

INFO:root:
3PGV

INFO:root:
3MDO

INFO:root:
4DGU

INFO:root:
3TC8

INFO:root:
4PUC_i

INFO:root:
4QY7_i

INFO:root:
3E97_i

INFO:root:
4QT9_i

INFO:root:
3QZB_i

INFO:root:
3PGV_i

INFO:root:
4KQT

INFO:root:
3E5D_i

INFO:root:
4JPQ_i

INFO:root:
1VL4_i

INFO:root:
4LQZ

INFO:root:
4FMZ_i

INFO:root:
4HF7_i

INFO:root:
3UCH

INFO:root:
3E99

INFO:root:
4L8K

INFO:root:
4FDW_i

INFO:root:
5FTA_i

INFO:root:
4PPY_i

INFO:root:
4R7S_i

INFO:root:
4HET_i

INFO:root:
2XVT

INFO:root:
4GT6_i

INFO:root:
4QHX_i

INFO:root:
3UWT_i

INFO:root:
3NNB

INFO:root:
4DF9

INFO:root:
4G5A_i

INFO:root:
3V4M_i

INFO:root:
3N5L

INFO:root:
4R7F

INFO:root:
4EIU_i

INFO:root:
3RH2_i

INFO:root:
3MC3_i

INFO:root:
4QHB_i

INFO:root:
4K05_i

INFO:root:
3QZ4

INFO:root:
4ECF_i

INFO:root:
3N6X_i

INFO:root:
4MUD_i

INFO:root:
4FR9

INFO:root:
4PTB_i

INFO:root:
1VK2

INFO:root:
4JRL_i

INFO:root:
4JJA_i

INFO:root:
4ONZ_i

INFO:root:
3P1V

INFO:root:
3UCG_i

INFO:root:
4H08

INFO:root:
4DWE_i

INFO:root:
3E10_i

INFO:root:
4MCJ_i

INFO:root:
4XWX_i

INFO:root:
3E97

INFO:root:
3L22

INFO:root:
4ICI_i

INFO:root:
4H1X

INFO:root:
3MWX

INFO:root:
4I95

INFO:root:
3NA6

INFO:root:
4GT6

INFO:root:
4OPM_i

INFO:root:
3P94_i

INFO:root:
4PWU_i

INFO:root:
4ESN

INFO:root:
3TC9_i

INFO:root:
4L8N

INFO:root:
4EPS

INFO:root:
1VKM

INFO:root:
2WZK

INFO:root:
3S5T_i

INFO:root:
3PW3

INFO:root:
4FJ6_i

INFO:root:
4QB7

INFO:root:
3S7R

INFO:root:
3NQK_i

INFO:root:
3NWP_i

INFO:root:
3RH3_i

INFO:root:
3MCP

INFO:root:
3MDQ_i

INFO:root:
4GL3

INFO:root:
4L3R_i

INFO:root:
3PPB

INFO:root:
4L7A_i

INFO:root:
1VL7_i

INFO:root:
3LYH_i

INFO:root:
3N91

INFO:root:
4PUX_i

INFO:root:
4LB8

INFO:root:
3MCW

INFO:root:
4LII

INFO:root:
4ME9_i

INFO:root:
4JQT_i

INFO:root:
4FR9_i

INFO:root:
3UC2_i

INFO:root:
4FVS_i

INFO:root:
4HSP_i

INFO:root:Running learn.py for parameters: batchsize: 64
epochs : 300
loss: categorical_crossentropy
learning rate: 0.0001
parallelization: True
decay rate: 1e-08
Raw: False
thresh: 0.5
fraction train: 0.7
INFO:root:Train: [17795.  5672.] 
 Test: [7630. 2428.]
INFO:root:Class weights: {0: 0.6593706097218319, 1: 2.0686706629055007} 
input shape: [201, 201, 3]
INFO:root:
 Model setup:
INFO:root:Convolution2D(32,(3,3),kernel_initializer=initializers.he_normal(),
                   activation='relu',padding='same',input_shape=input_shape2,name='Conv_1')
INFO:root:MaxPooling2D(pool_size=(2,2),name='Pool_1')
INFO:root:BatchNormalization()
INFO:root:Convolution2D(64,(3,3),activation='relu',padding='same',name='Conv_2')
INFO:root:MaxPooling2D(pool_size=(2,2),name='Pool_2')
INFO:root:BatchNormalization()
INFO:root:Flatten()
INFO:root:Dropout(0.75)
INFO:root:BatchNormalization()
INFO:root:Dense(128,activation='relu',name='Dense_1',kernel_regularizer=regularizers.l2(0.15))
INFO:root:Dense(2,activation='softmax',name='predictions')
DEBUG:matplotlib.font_manager:findfont: Matching :family=sans-serif:style=normal:variant=normal:weight=normal:stretch=normal:size=12.0 to DejaVu Sans ('/dls_sw/apps/python/anaconda/1.7.0/64/envs/python3/lib/python3.6/site-packages/matplotlib/mpl-data/fonts/ttf/DejaVuSans.ttf') with score of 0.050000
DEBUG:matplotlib.font_manager:findfont: Matching :family=sans-serif:style=normal:variant=normal:weight=normal:stretch=normal:size=10.0 to DejaVu Sans ('/dls_sw/apps/python/anaconda/1.7.0/64/envs/python3/lib/python3.6/site-packages/matplotlib/mpl-data/fonts/ttf/DejaVuSans.ttf') with score of 0.050000
INFO:root:loss is: 1.7935852194003068 
accuracy is: 0.803241201045855 
Predictions: 

INFO:root:[[8.7894666e-01 1.2105330e-01]
 [9.6268964e-01 3.7310321e-02]
 [9.4902915e-01 5.0970819e-02]
 ...
 [2.0888818e-05 9.9997914e-01]
 [8.9251608e-01 1.0748390e-01]
 [8.6903965e-01 1.3096030e-01]]
INFO:root:Number of true negatives = 6225

INFO:root:Number of false negatives = 574

INFO:root:Number of true positives = 1854

INFO:root:Number of false positives = 1405

INFO:root:__________________________________________________________________________________________________

INFO:root:Layer (type)                    Output Shape         Param #     Connected to                     

INFO:root:==================================================================================================

INFO:root:Conv_1_input (InputLayer)       (None, 201, 201, 3)  0                                            

INFO:root:__________________________________________________________________________________________________

INFO:root:lambda_1 (Lambda)               (None, 201, 201, 3)  0           Conv_1_input[0][0]               

INFO:root:__________________________________________________________________________________________________

INFO:root:lambda_2 (Lambda)               (None, 201, 201, 3)  0           Conv_1_input[0][0]               

INFO:root:__________________________________________________________________________________________________

INFO:root:lambda_3 (Lambda)               (None, 201, 201, 3)  0           Conv_1_input[0][0]               

INFO:root:__________________________________________________________________________________________________

INFO:root:lambda_4 (Lambda)               (None, 201, 201, 3)  0           Conv_1_input[0][0]               

INFO:root:__________________________________________________________________________________________________

INFO:root:mapmodel_1 (MapModel)           (None, 2)            21140162    lambda_1[0][0]                   

INFO:root:                                                                 lambda_2[0][0]                   

INFO:root:                                                                 lambda_3[0][0]                   

INFO:root:                                                                 lambda_4[0][0]                   

INFO:root:__________________________________________________________________________________________________

INFO:root:predictions (Concatenate)       (None, 2)            0           mapmodel_1[1][0]                 

INFO:root:                                                                 mapmodel_1[2][0]                 

INFO:root:                                                                 mapmodel_1[3][0]                 

INFO:root:                                                                 mapmodel_1[4][0]                 

INFO:root:==================================================================================================

INFO:root:Total params: 21,140,162

INFO:root:Trainable params: 20,819,970

INFO:root:Non-trainable params: 320,192

INFO:root:__________________________________________________________________________________________________

INFO:root:4H08: averaged likelihood of being phased: 0.27921186114350954 score of map: 0
INFO:root:4H08_i: averaged likelihood of being phased: 0.24764838442206383 score of map: 0
INFO:root:4NZJ: averaged likelihood of being phased: 0.38941025849845673 score of map: 0
INFO:root:4NZJ_i: averaged likelihood of being phased: 0.1974210847583082 score of map: 0
INFO:root:3NUF: averaged likelihood of being phased: 0.2242023261057006 score of map: 0
INFO:root:3NUF_i: averaged likelihood of being phased: 0.6842850041058328 score of map: 1
INFO:root:3LWC: averaged likelihood of being phased: 0.3205473230944739 score of map: 0
INFO:root:3LWC_i: averaged likelihood of being phased: 0.3439632646739483 score of map: 0
INFO:root:3U6G: averaged likelihood of being phased: 0.169626068820556 score of map: 0
INFO:root:3U6G_i: averaged likelihood of being phased: 0.1716164273934232 score of map: 0
INFO:root:4RN3: averaged likelihood of being phased: 0.17826514169573784 score of map: 0
INFO:root:4RN3_i: averaged likelihood of being phased: 0.18345793522894382 score of map: 0
INFO:root:4ECO: averaged likelihood of being phased: 0.2272565093305376 score of map: 0
INFO:root:4ECO_i: averaged likelihood of being phased: 0.23987811642388504 score of map: 0
INFO:root:3N5L: averaged likelihood of being phased: 0.14920028067297406 score of map: 0
INFO:root:3N5L_i: averaged likelihood of being phased: 0.13678238524330988 score of map: 0
INFO:root:3E02: averaged likelihood of being phased: 0.9679315567016602 score of map: 1
INFO:root:3E02_i: averaged likelihood of being phased: 0.13470968446797796 score of map: 0
INFO:root:3E10: averaged likelihood of being phased: 0.25586964810887974 score of map: 0
INFO:root:3E10_i: averaged likelihood of being phased: 0.11302839724553956 score of map: 0
INFO:root:3O0L: averaged likelihood of being phased: 0.7325096660190158 score of map: 1
INFO:root:3O0L_i: averaged likelihood of being phased: 0.15709224277072484 score of map: 0
INFO:root:4Q1V: averaged likelihood of being phased: 0.9668847335709466 score of map: 1
INFO:root:4Q1V_i: averaged likelihood of being phased: 0.5282455154591137 score of map: 1
INFO:root:3E38: averaged likelihood of being phased: 0.1450697235763073 score of map: 0
INFO:root:3E38_i: averaged likelihood of being phased: 0.15450045557485687 score of map: 0
INFO:root:4PQX: averaged likelihood of being phased: 0.20468587792581983 score of map: 0
INFO:root:4PQX_i: averaged likelihood of being phased: 0.12308457237150934 score of map: 0
INFO:root:3NQO: averaged likelihood of being phased: 0.9113762723075018 score of map: 1
INFO:root:3NQO_i: averaged likelihood of being phased: 0.30683645407358806 score of map: 0
INFO:root:3QTH: averaged likelihood of being phased: 0.5361377378304799 score of map: 1
INFO:root:3QTH_i: averaged likelihood of being phased: 0.938523464401563 score of map: 1
INFO:root:3MDQ: averaged likelihood of being phased: 0.2072562087741163 score of map: 0
INFO:root:3MDQ_i: averaged likelihood of being phased: 0.16105419939590826 score of map: 0
INFO:root:4NR2: averaged likelihood of being phased: 0.22206411262353262 score of map: 0
INFO:root:4NR2_i: averaged likelihood of being phased: 0.1919725603527493 score of map: 0
INFO:root:4O2T: averaged likelihood of being phased: 0.27069764269722835 score of map: 0
INFO:root:4O2T_i: averaged likelihood of being phased: 0.2090578478243616 score of map: 0
INFO:root:3PW3: averaged likelihood of being phased: 0.8319330390956666 score of map: 1
INFO:root:3PW3_i: averaged likelihood of being phased: 0.5729851583639781 score of map: 1
INFO:root:3V4M: averaged likelihood of being phased: 0.18374611602889168 score of map: 0
INFO:root:3V4M_i: averaged likelihood of being phased: 0.12089082366890377 score of map: 0
INFO:root:3UP6: averaged likelihood of being phased: 0.1670539453211758 score of map: 0
INFO:root:3UP6_i: averaged likelihood of being phased: 0.2508347574621439 score of map: 0
INFO:root:4PS6: averaged likelihood of being phased: 0.9981955435540941 score of map: 1
INFO:root:4PS6_i: averaged likelihood of being phased: 0.9990187101893955 score of map: 1
INFO:root:4KH9: averaged likelihood of being phased: 0.15316590927541257 score of map: 0
INFO:root:4KH9_i: averaged likelihood of being phased: 0.15636340917812452 score of map: 0
INFO:root:4FS7: averaged likelihood of being phased: 0.3866513640516334 score of map: 0
INFO:root:4FS7_i: averaged likelihood of being phased: 0.26144692848126094 score of map: 0
INFO:root:3MDO: averaged likelihood of being phased: 0.995304795106252 score of map: 1
INFO:root:3MDO_i: averaged likelihood of being phased: 0.06961443780197038 score of map: 0
INFO:root:3PL0: averaged likelihood of being phased: 0.11683582233058082 score of map: 0
INFO:root:3PL0_i: averaged likelihood of being phased: 0.1971296569539441 score of map: 0
INFO:root:3QEC: averaged likelihood of being phased: 0.285818594859706 score of map: 0
INFO:root:3QEC_i: averaged likelihood of being phased: 0.5467047966188855 score of map: 1
INFO:root:1VKU: averaged likelihood of being phased: 0.16056636033786667 score of map: 0
INFO:root:1VKU_i: averaged likelihood of being phased: 0.2661120000398821 score of map: 0
INFO:root:3PJ0: averaged likelihood of being phased: 0.5644864273567994 score of map: 1
INFO:root:3PJ0_i: averaged likelihood of being phased: 0.4890899467799399 score of map: 0
INFO:root:4LBA: averaged likelihood of being phased: 0.14251974895596503 score of map: 0
INFO:root:4LBA_i: averaged likelihood of being phased: 0.19557728295524915 score of map: 0
INFO:root:4QT9: averaged likelihood of being phased: 0.3410869476695855 score of map: 0
INFO:root:4QT9_i: averaged likelihood of being phased: 0.2681861065742042 score of map: 0
INFO:root:3N0W: averaged likelihood of being phased: 0.13247422791189617 score of map: 0
INFO:root:3N0W_i: averaged likelihood of being phased: 0.14541052244603633 score of map: 0
INFO:root:3E39: averaged likelihood of being phased: 0.1182369173814853 score of map: 0
INFO:root:3E39_i: averaged likelihood of being phased: 0.15156070503095787 score of map: 0
INFO:root:3S5Q: averaged likelihood of being phased: 0.26481908650861846 score of map: 0
INFO:root:3S5Q_i: averaged likelihood of being phased: 0.2817688884006606 score of map: 0
INFO:root:4QB7: averaged likelihood of being phased: 0.21533361201485 score of map: 0
INFO:root:4QB7_i: averaged likelihood of being phased: 0.9040535516209073 score of map: 1
INFO:root:4LHS: averaged likelihood of being phased: 0.15649960628814166 score of map: 0
INFO:root:4LHS_i: averaged likelihood of being phased: 0.3956727485689852 score of map: 0
INFO:root:4EXR: averaged likelihood of being phased: 0.27021683793928886 score of map: 0
INFO:root:4EXR_i: averaged likelihood of being phased: 0.9074201153384315 score of map: 1
INFO:root:3NWP: averaged likelihood of being phased: 0.1296425455974208 score of map: 0
INFO:root:3NWP_i: averaged likelihood of being phased: 0.5365170132782724 score of map: 1
INFO:root:4L7A: averaged likelihood of being phased: 0.30449601511160534 score of map: 0
INFO:root:4L7A_i: averaged likelihood of being phased: 0.439299567292134 score of map: 0
INFO:root:4FJ6: averaged likelihood of being phased: 0.4581029932532046 score of map: 0
INFO:root:4FJ6_i: averaged likelihood of being phased: 0.5801858628789583 score of map: 1
INFO:root:3NQK: averaged likelihood of being phased: 0.22332914943496388 score of map: 0
INFO:root:3NQK_i: averaged likelihood of being phased: 0.999374426735772 score of map: 1
INFO:root:3R4K: averaged likelihood of being phased: 0.9108321146832572 score of map: 1
INFO:root:3R4K_i: averaged likelihood of being phased: 0.12194785939322578 score of map: 0
INFO:root:4GPV: averaged likelihood of being phased: 0.22259134459826682 score of map: 0
INFO:root:4GPV_i: averaged likelihood of being phased: 0.2945226608051194 score of map: 0
INFO:root:3MCR: averaged likelihood of being phased: 0.14798920444316335 score of map: 0
INFO:root:3MCR_i: averaged likelihood of being phased: 0.39518162599868245 score of map: 0
INFO:root:4XWX: averaged likelihood of being phased: 0.1619799671901597 score of map: 0
INFO:root:4XWX_i: averaged likelihood of being phased: 0.22901144143607882 score of map: 0
INFO:root:4F7A: averaged likelihood of being phased: 0.19933879677620198 score of map: 0
INFO:root:4F7A_i: averaged likelihood of being phased: 0.13738887632886568 score of map: 0
INFO:root:2YPD: averaged likelihood of being phased: 0.28977186274197364 score of map: 0
INFO:root:2YPD_i: averaged likelihood of being phased: 0.18781672732697594 score of map: 0
INFO:root:3NQI: averaged likelihood of being phased: 0.4567105571428935 score of map: 0
INFO:root:3NQI_i: averaged likelihood of being phased: 0.25092721068196827 score of map: 0
INFO:root:1VK2: averaged likelihood of being phased: 0.07744480214185184 score of map: 0
INFO:root:1VK2_i: averaged likelihood of being phased: 0.1577079354888863 score of map: 0
INFO:root:ones 2: zeros 43

INFO:root:
Number of true positives:11

              Number of true negatives: 72

              Number of false positives: 10

              Number of false negatives: 7

INFO:root:accuracy = 0.83
INFO:root:Finished -- 20291.768893957138 seconds ---
