INFO:root:Running RunTrain.py
INFO:root:Date: 120918
INFO:root:this is a log file for the progress of image_slicing(). 

INFO:root:
4DAD_i

INFO:root:
3K2O_i

INFO:root:
3TY1

INFO:root:
3MSQ

INFO:root:
3MCR

INFO:root:
3NA6_i

INFO:root:
3SGH_i

INFO:root:
3L12

INFO:root:
4I95_i

INFO:root:
4EBG_i

INFO:root:
4H08_i

INFO:root:
4M8R

INFO:root:
4K4K

INFO:root:
4FJ6

INFO:root:
1VJ1_i

INFO:root:
3U22_i

INFO:root:
4OO3

INFO:root:
4KH9_i

INFO:root:
3RH2

INFO:root:
4ECO_i

INFO:root:
3PI7_i

INFO:root:
4QRK_i

INFO:root:
3OTN

INFO:root:
3T7L_i

INFO:root:
4MJF

INFO:root:
3NPD_i

INFO:root:
4IAJ

INFO:root:
2X57

INFO:root:
3LMZ

INFO:root:
4GHB

INFO:root:
4MXN_i

INFO:root:
4R4G

INFO:root:
3UP6_i

INFO:root:
3N0W

INFO:root:
3LMZ_i

INFO:root:
4MYR_i

INFO:root:
3NQK

INFO:root:
4R4G_i

INFO:root:
4NTL

INFO:root:
3N5L_i

INFO:root:
3SC3

INFO:root:
3V4M

INFO:root:
4QDY

INFO:root:
4GZV_i

INFO:root:
3US5_i

INFO:root:
4EPZ_i

INFO:root:
3QEC_i

INFO:root:
4JQS

INFO:root:
3ULH_i

INFO:root:
3OSD_i

INFO:root:
1VJ1

INFO:root:
3MSQ_i

INFO:root:
4YGU_i

INFO:root:
3UCH_i

INFO:root:
3SCY_i

INFO:root:
3PM9

INFO:root:
4QT9

INFO:root:
1VLI_i

INFO:root:
4EZI

INFO:root:
4OBM

INFO:root:
3R67

INFO:root:
4QHW

INFO:root:
4Q1V_i

INFO:root:
4QDG_i

INFO:root:
4QAN_i

INFO:root:
3US4_i

INFO:root:
2WA0_i

INFO:root:
4COS

INFO:root:
4HF7

INFO:root:
3S9J_i

INFO:root:
4FXV

INFO:root:
3U1W

INFO:root:
3NPD

INFO:root:
4LER_i

INFO:root:
4OLE

INFO:root:
4FXV_i

INFO:root:
3S5Q

INFO:root:
4LIR

INFO:root:
4IAJ_i

INFO:root:
4GCM_i

INFO:root:
4PS6

INFO:root:
3NPI

INFO:root:
3L2H_i

INFO:root:
4LEH

INFO:root:
4FM3

INFO:root:
4LQZ_i

INFO:root:
3QTH_i

INFO:root:
4FO5_i

INFO:root:
4E2E

INFO:root:
3QQW

INFO:root:
3PFE_i

INFO:root:
4AD9

INFO:root:
4RHO

INFO:root:
3L2N

INFO:root:
3O14

INFO:root:
3QXB_i

INFO:root:
3LY1

INFO:root:
4DN6_i

INFO:root:
3S25_i

INFO:root:
3M5K

INFO:root:
3P1V_i

INFO:root:
3T0P

INFO:root:
3PET_i

INFO:root:
1VKW

INFO:root:
4QHB

INFO:root:
4LGQ_i

INFO:root:
2YPD

INFO:root:
4Q9A

INFO:root:
3OT2

INFO:root:
3PJY_i

INFO:root:
4QNI

INFO:root:
2XXZ_i

INFO:root:
4KQ7

INFO:root:
3PJY

INFO:root:
4JHY_i

INFO:root:
4LIJ_i

INFO:root:
3LM3

INFO:root:
1VKU

INFO:root:
2XVT_i

INFO:root:
3QKB_i

INFO:root:
3NO3

INFO:root:
4K05

INFO:root:
4Q6K

INFO:root:
4Q6K_i

INFO:root:
3E8S_i

INFO:root:
4HYZ

INFO:root:
3LHI_i

INFO:root:
3MBJ_i

INFO:root:
4QNI_i

INFO:root:
4OPW

INFO:root:
4HSP

INFO:root:
4FSV

INFO:root:
3TAW_i

INFO:root:
3R4I_i

INFO:root:
3LM2

INFO:root:
3P6K

INFO:root:
1VK4_i

INFO:root:
4NZK

INFO:root:
3LYG_i

INFO:root:
4GHN

INFO:root:
4EXR

INFO:root:
3MW8_i

INFO:root:
4PS6_i

INFO:root:
4RN3_i

INFO:root:
1VKW_i

INFO:root:
4QHW_i

INFO:root:
3LWJ_i

INFO:root:
4Q34

INFO:root:
4EZG

INFO:root:
3SB4

INFO:root:
4FS7

INFO:root:
4DAD

INFO:root:
4GDZ

INFO:root:
3QTH

INFO:root:
3MDP_i

INFO:root:
4LGC

INFO:root:
3PW3_i

INFO:root:
3S5T

INFO:root:
3MDO_i

INFO:root:
3LWJ

INFO:root:
3QQM

INFO:root:
4EXR_i

INFO:root:
3SIY

INFO:root:
4JRF

INFO:root:
3MTQ_i

INFO:root:
4PQX

INFO:root:
3LWD_i

INFO:root:
4HYZ_i

INFO:root:
3U22

INFO:root:
4QAN

INFO:root:
4PXY

INFO:root:
4NKP_i

INFO:root:
3PFO

INFO:root:
4JGL

INFO:root:
3L2H

INFO:root:
4R7S

INFO:root:
3QXB

INFO:root:
4EIU

INFO:root:
4E72

INFO:root:
3E02_i

INFO:root:
4LHS_i

INFO:root:
4LB8_i

INFO:root:
3TC9

INFO:root:
4GL6_i

INFO:root:
3QKB

INFO:root:
4FD0

INFO:root:
3T0P_i

INFO:root:
4Q34_i

INFO:root:
4E5V

INFO:root:
4R4K_i

INFO:root:
3OZ2_i

INFO:root:
3LM3_i

INFO:root:
4ME8

INFO:root:
4LEH_i

INFO:root:
4OTE_i

INFO:root:
3LHI

INFO:root:
3MWX_i

INFO:root:
4ONZ

INFO:root:
4PXY_i

INFO:root:
4E9K_i

INFO:root:
3LOT

INFO:root:
3NOH

INFO:root:
3MDQ

INFO:root:
3P2C_i

INFO:root:
3SBU

INFO:root:
3NQN

INFO:root:
4QVU_i

INFO:root:
3U6G_i

INFO:root:
3POH

INFO:root:
3LWD

INFO:root:
3OYV_i

INFO:root:
4LGQ

INFO:root:
3P1T_i

INFO:root:
3MYV_i

INFO:root:
4JM1_i

INFO:root:
3MS5_i

INFO:root:
4FSV_i

INFO:root:
3T7L

INFO:root:
4FO5

INFO:root:
3LUB_i

INFO:root:
4E6F_i

INFO:root:
4EZG_i

INFO:root:
3SNX_i

INFO:root:
4KQ7_i

INFO:root:
4HBR_i

INFO:root:
3MCX

INFO:root:
3LEW

INFO:root:
4LII_i

INFO:root:
3QWM

INFO:root:
3E49

INFO:root:
4L8P

INFO:root:
3O0L_i

INFO:root:
4EF2_i

INFO:root:
3NL9

INFO:root:
3SB4_i

INFO:root:
4QHZ_i

INFO:root:
3QQW_i

INFO:root:
3PXV

INFO:root:
3L22_i

INFO:root:
3LJY

INFO:root:
4GHB_i

INFO:root:
3L5O

INFO:root:
4JX2

INFO:root:
4R4K

INFO:root:
3NNR

INFO:root:
3T2L

INFO:root:
4LG3

INFO:root:
4E6E_i

INFO:root:
4GL6

INFO:root:
4FSS_i

INFO:root:
3PAS

INFO:root:
4OBI

INFO:root:
4L8N_i

INFO:root:
3E39

INFO:root:
3R8E

INFO:root:
4DWF

INFO:root:
3L23_i

INFO:root:
4DNK

INFO:root:
3E5D

INFO:root:
3U21_i

INFO:root:
4JPQ

INFO:root:
3NRB

INFO:root:
4JX2_i

INFO:root:
3MS5

INFO:root:
3TD9

INFO:root:
1VKU_i

INFO:root:
3QTA_i

INFO:root:
3LWC_i

INFO:root:
4NR2

INFO:root:
3E11

INFO:root:
3NRE_i

INFO:root:
3NFV

INFO:root:
4DWE

INFO:root:
4E9K

INFO:root:
4ECN_i

INFO:root:
3E8O

INFO:root:
4DWF_i

INFO:root:
3TAW

INFO:root:
4L3R

INFO:root:
4R7F_i

INFO:root:
3NPP

INFO:root:
1VKM_i

INFO:root:
3MSW

INFO:root:
3N6Y_i

INFO:root:
4Q1Z

INFO:root:
4FVS

INFO:root:
3SGH

INFO:root:
4QRL_i

INFO:root:
4FMR

INFO:root:
4K3F_i

INFO:root:
4KQT_i

INFO:root:
3RF7_i

INFO:root:
3QZ4_i

INFO:root:
1VJF_i

INFO:root:
3PAS_i

INFO:root:
3M1U

INFO:root:
3NO3_i

INFO:root:
3LLX

INFO:root:
3N0V_i

INFO:root:
4HWM_i

INFO:root:
4QB7_i

INFO:root:
4LIR_i

INFO:root:
4NZJ_i

INFO:root:
4YME_i

INFO:root:
4A35

INFO:root:
4E72_i

INFO:root:
4FD0_i

INFO:root:
3S6E

INFO:root:
3LEW_i

INFO:root:
4OGZ_i

INFO:root:
3PVQ_i

INFO:root:
3LIU

INFO:root:
3OTN_i

INFO:root:
3OWR_i

INFO:root:
3PPL_i

INFO:root:
4MJG

INFO:root:
4DJN

INFO:root:
3SIY_i

INFO:root:
3E99_i

INFO:root:
3NPP_i

INFO:root:
3SCY

INFO:root:
3E49_i

INFO:root:
4JM1

INFO:root:
3E8O_i

INFO:root:
3OF4

INFO:root:
4DN6

INFO:root:
4G2A

INFO:root:
4QRL

INFO:root:
3NQI_i

INFO:root:
1VK9

INFO:root:
3SNO_i

INFO:root:
3LWX_i

INFO:root:
3MZ2_i

INFO:root:
3ULH

INFO:root:
3SNX

INFO:root:
3NQI

INFO:root:
4MJF_i

INFO:root:
4EI0

INFO:root:
4M8R_i

INFO:root:
4DJN_i

INFO:root:
4LBA

INFO:root:
3MYV

INFO:root:
3SO5

INFO:root:
1VLI

INFO:root:
4FTD

INFO:root:
4COS_i

INFO:root:
4XWX

INFO:root:
4QGP

INFO:root:
4ECN

INFO:root:
4E6R

INFO:root:
3LHO

INFO:root:
3MC3

INFO:root:
4KH8

INFO:root:
3MZO_i

INFO:root:
3NQN_i

INFO:root:
3MCR_i

INFO:root:
4Q1V

INFO:root:
4MXN

INFO:root:
4GCM

INFO:root:
3URZ_i

INFO:root:
3NRA

INFO:root:
3OBI_i

INFO:root:
3P6L

INFO:root:
3LY1_i

INFO:root:
3SC3_i

INFO:root:
3R4K_i

INFO:root:
3MYX_i

INFO:root:
4NTL_i

INFO:root:
2X57_i

INFO:root:
4OBI_i

INFO:root:
3SO5_i

INFO:root:
4HWM

INFO:root:
3LHN

INFO:root:
3QC2_i

INFO:root:
3LWF_i

INFO:root:
4DF9_i

INFO:root:
4NZJ

INFO:root:
4R03_i

INFO:root:
4J5M

INFO:root:
3NPF

INFO:root:
3NUF

INFO:root:
4HW6

INFO:root:
3UC2

INFO:root:
3OWR

INFO:root:
3NL9_i

INFO:root:
4GHN_i

INFO:root:
4FS7_i

INFO:root:
3RJV

INFO:root:
1VK4

INFO:root:
4ECF

INFO:root:
3POH_i

INFO:root:
4QVU

INFO:root:
4NZK_i

INFO:root:
3LWF

INFO:root:
4HBR

INFO:root:
4ICI

INFO:root:
3UWS

INFO:root:
4R03

INFO:root:
4F98

INFO:root:
4N0R

INFO:root:
3U21

INFO:root:
4EPZ

INFO:root:
4EF2

INFO:root:
4YGT

INFO:root:
4LHS

INFO:root:
4YOD

INFO:root:
4OPM

INFO:root:
4ESN_i

INFO:root:
3PET

INFO:root:
3E4V_i

INFO:root:
3SEE

INFO:root:
4KWY_i

INFO:root:
3R13

INFO:root:
3P6K_i

INFO:root:
4M8K_i

INFO:root:
4HET

INFO:root:
4OBM_i

INFO:root:
4QY7

INFO:root:
3RZA_i

INFO:root:
3S5R

INFO:root:
3LLX_i

INFO:root:
3E38

INFO:root:
3OSD

INFO:root:
3LOU

INFO:root:
3LHO_i

INFO:root:
3M1U_i

INFO:root:
4QDG

INFO:root:
4YER_i

INFO:root:
3LUB

INFO:root:
3NYY

INFO:root:
3QC3_i

INFO:root:
3QTA

INFO:root:
3E38_i

INFO:root:
3ODP

INFO:root:
3M1T_i

INFO:root:
4JX0

INFO:root:
3MCP_i

INFO:root:
3E02

INFO:root:
4JRF_i

INFO:root:
3R67_i

INFO:root:
4GBS

INFO:root:
4OLE_i

INFO:root:
3NUF_i

INFO:root:
3NFV_i

INFO:root:
4LGC_i

INFO:root:
4Q53_i

INFO:root:
4MXT

INFO:root:
4FSS

INFO:root:
4KH8_i

INFO:root:
4MXT_i

INFO:root:
3TD9_i

INFO:root:
4JQR_i

INFO:root:
4AD9_i

INFO:root:
3M1T

INFO:root:
4ME8_i

INFO:root:
3LWX

INFO:root:
4GDZ_i

INFO:root:
4DNL

INFO:root:
4QPV

INFO:root:
3PL0

INFO:root:
2WA0

INFO:root:
4MRU

INFO:root:
4PW1_i

INFO:root:
4F7A_i

INFO:root:
4Q98_i

INFO:root:
3R8E_i

INFO:root:
4FDW

INFO:root:
3PL0_i

INFO:root:
4PUC

INFO:root:
4EZI_i

INFO:root:
4LG3_i

INFO:root:
3S25

INFO:root:
1VK2_i

INFO:root:
3E4V

INFO:root:
3TY1_i

INFO:root:
3UWS_i

INFO:root:
3M7A_i

INFO:root:
3L23

INFO:root:
3LN3

INFO:root:
4Q53

INFO:root:
4Q98

INFO:root:
4NKP

INFO:root:
4PUX

INFO:root:
3E8S

INFO:root:
2YPD_i

INFO:root:
4EI0_i

INFO:root:
3LIU_i

INFO:root:
3US5

INFO:root:
1VL7

INFO:root:
3OAO_i

INFO:root:
3O14_i

INFO:root:
3S6E_i

INFO:root:
4GBS_i

INFO:root:
3MZ2

INFO:root:
3OT2_i

INFO:root:
3OF4_i

INFO:root:
3N0X_i

INFO:root:
3QQM_i

INFO:root:
4EPS_i

INFO:root:
3U1W_i

INFO:root:
3MST_i

INFO:root:
3MSW_i

INFO:root:
3MCX_i

INFO:root:
3OAO

INFO:root:
4OTE

INFO:root:
4KH9

INFO:root:
3TC8_i

INFO:root:
4YER

INFO:root:
3E39_i

INFO:root:
3QC2

INFO:root:
3P02_i

INFO:root:
4OPW_i

INFO:root:
4MJG_i

INFO:root:
3QNK

INFO:root:
4YOD_i

INFO:root:
3E10

INFO:root:
3RWX

INFO:root:
4L7A

INFO:root:
4Q9A_i

INFO:root:
4GZV

INFO:root:
3R4K

INFO:root:
4E6E

INFO:root:
4QPV_i

INFO:root:
3QKX

INFO:root:
3UFI_i

INFO:root:
3N0V

INFO:root:
4L0N

INFO:root:
3MST

INFO:root:
3SEE_i

INFO:root:
4GL3_i

INFO:root:
4F53_i

INFO:root:
3LWC

INFO:root:
3NRB_i

INFO:root:
3QEC

INFO:root:
3LM2_i

INFO:root:
4QEY_i

INFO:root:
3URZ

INFO:root:
3P1T

INFO:root:
4J5M_i

INFO:root:
3N0X

INFO:root:
4R1M

INFO:root:
3PNX

INFO:root:
3E11_i

INFO:root:
3QKX_i

INFO:root:
3LJY_i

INFO:root:
3RJV_i

INFO:root:
3MYX

INFO:root:
3PVQ

INFO:root:
4E6F

INFO:root:
3NNB_i

INFO:root:
3RWX_i

INFO:root:
3QNK_i

INFO:root:
3RH3

INFO:root:
3NO2

INFO:root:
4QE0_i

INFO:root:
4QRK

INFO:root:
3M5K_i

INFO:root:
3NPF_i

INFO:root:
3R4I

INFO:root:
3OZ2

INFO:root:
3NRE

INFO:root:
3K2O

INFO:root:
4L0N_i

INFO:root:
3LOT_i

INFO:root:
3NQO_i

INFO:root:
3QZB

INFO:root:
3LYG

INFO:root:
4LQX_i

INFO:root:
3NYY_i

INFO:root:
4YGU

INFO:root:
3LN3_i

INFO:root:
4A35_i

INFO:root:
4FTD_i

INFO:root:
4MCJ

INFO:root:
3MTQ

INFO:root:
4I8I

INFO:root:
3N0W_i

INFO:root:
4DNK_i

INFO:root:
3NNR_i

INFO:root:
3NRA_i

INFO:root:
3UFI

INFO:root:
1VJF

INFO:root:
4F7A

INFO:root:
4MYR

INFO:root:
3RH7_i

INFO:root:
1VL4

INFO:root:
4LBA_i

INFO:root:
4GPV_i

INFO:root:
3P3V

INFO:root:
4RN3

INFO:root:
4Q1Z_i

INFO:root:
3LHN_i

INFO:root:
4PTB

INFO:root:
4JQS_i

INFO:root:
3U6G

INFO:root:
4QEY

INFO:root:
3R13_i

INFO:root:
3NOH_i

INFO:root:
3PAY_i

INFO:root:
3UCG

INFO:root:
4LQX

INFO:root:
3ODP_i

INFO:root:
3N91_i

INFO:root:
3PI7

INFO:root:
3LYH

INFO:root:
4OJU_i

INFO:root:
3QWM_i

INFO:root:
3PXV_i

INFO:root:
4KWY

INFO:root:
4E2E_i

INFO:root:
3NWP

INFO:root:
3NO2_i

INFO:root:
1VK9_i

INFO:root:
3MCW_i

INFO:root:
4JQR

INFO:root:
4F54

INFO:root:
3LWS_i

INFO:root:
3QC3

INFO:root:
3MDP

INFO:root:
3MBJ

INFO:root:
4JGL_i

INFO:root:
3LOU_i

INFO:root:
4JX0_i

INFO:root:
3P94

INFO:root:
3P6L_i

INFO:root:
4LJX_i

INFO:root:
3P2C

INFO:root:
3SNO

INFO:root:
4OO3_i

INFO:root:
4ECG_i

INFO:root:
3MW8

INFO:root:
3N8U_i

INFO:root:
3UWT

INFO:root:
3T2L_i

INFO:root:
4DNL_i

INFO:root:
4JJA

INFO:root:
3PFE

INFO:root:
3PFO_i

INFO:root:
3S5Q_i

INFO:root:
3OYV

INFO:root:
3MCQ_i

INFO:root:
3PPB_i

INFO:root:
3LWS

INFO:root:
4ECG

INFO:root:
3N6Y

INFO:root:
3RF7

INFO:root:
4QGP_i

INFO:root:
2WZK_i

INFO:root:
3MBH

INFO:root:
4I8I_i

INFO:root:
3S9J

INFO:root:
3N6X

INFO:root:
4N0R_i

INFO:root:
3PM9_i

INFO:root:
4F98_i

INFO:root:
4PWU

INFO:root:
4OJU

INFO:root:
4JQT

INFO:root:
4QE0

INFO:root:
4QDY_i

INFO:root:
3O0L

INFO:root:
4PQX_i

INFO:root:
4LER

INFO:root:
4YME

INFO:root:
3M7A

INFO:root:
3US4

INFO:root:
3PNX_i

INFO:root:
4PW1

INFO:root:
4FMR_i

INFO:root:
2XXZ

INFO:root:
4NR2_i

INFO:root:
3S5R_i

INFO:root:
3MCQ

INFO:root:
3MBH_i

INFO:root:
4K3F

INFO:root:
4E6R_i

INFO:root:
4HW6_i

INFO:root:
4ECO

INFO:root:
4F53

INFO:root:
3PPL

INFO:root:
3NQO

INFO:root:
3N8U

INFO:root:
3RZA

INFO:root:
4Q0Y_i

INFO:root:
3P02

INFO:root:
3LUL

INFO:root:
3L2N_i

INFO:root:
3UP6

INFO:root:
3S7R_i

INFO:root:
4JRL

INFO:root:
4RHO_i

INFO:root:
4Q0Y

INFO:root:
4L8P_i

INFO:root:
3PGV

INFO:root:
3MDO

INFO:root:
4DGU

INFO:root:
3TC8

INFO:root:
4PUC_i

INFO:root:
4QY7_i

INFO:root:
3E97_i

INFO:root:
4QT9_i

INFO:root:
3QZB_i

INFO:root:
3PGV_i

INFO:root:
4KQT

INFO:root:
3E5D_i

INFO:root:
4JPQ_i

INFO:root:
1VL4_i

INFO:root:
4LQZ

INFO:root:
4FMZ_i

INFO:root:
4HF7_i

INFO:root:
3UCH

INFO:root:
3E99

INFO:root:
4FDW_i

INFO:root:
4R7S_i

INFO:root:
4HET_i

INFO:root:
2XVT

INFO:root:
4GT6_i

INFO:root:
4QHX_i

INFO:root:
3UWT_i

INFO:root:
3NNB

INFO:root:
4DF9

INFO:root:
3V4M_i

INFO:root:
3N5L

INFO:root:
4R7F

INFO:root:
4EIU_i

INFO:root:
3RH2_i

INFO:root:
4QHB_i

INFO:root:
4K05_i

INFO:root:
3QZ4

INFO:root:
3N6X_i

INFO:root:
4FR9

INFO:root:
4PTB_i

INFO:root:
1VK2

INFO:root:
4JRL_i

INFO:root:
4JJA_i

INFO:root:
4ONZ_i

INFO:root:
3P1V

INFO:root:
3UCG_i

INFO:root:
4H08

INFO:root:
3OBI

INFO:root:
4DWE_i

INFO:root:
3E10_i

INFO:root:
4MCJ_i

INFO:root:
4XWX_i

INFO:root:
3E97

INFO:root:
3L22

INFO:root:
4ICI_i

INFO:root:
3MWX

INFO:root:
4I95

INFO:root:
3NA6

INFO:root:
4GT6

INFO:root:
4OPM_i

INFO:root:
3P94_i

INFO:root:
4ESN

INFO:root:
3TC9_i

INFO:root:
4L8N

INFO:root:
4EPS

INFO:root:
1VKM

INFO:root:
2WZK

INFO:root:
3S5T_i

INFO:root:
3PW3

INFO:root:
4FJ6_i

INFO:root:
4QB7

INFO:root:
3NQK_i

INFO:root:
3NWP_i

INFO:root:
3RH3_i

INFO:root:
3MCP

INFO:root:
3MDQ_i

INFO:root:
4GL3

INFO:root:
4L3R_i

INFO:root:
3PPB

INFO:root:
4L7A_i

INFO:root:
1VL7_i

INFO:root:
3LYH_i

INFO:root:
3N91

INFO:root:
4PUX_i

INFO:root:
4LB8

INFO:root:
3MCW

INFO:root:
4LII

INFO:root:
4ME9_i

INFO:root:
4JQT_i

INFO:root:
4FR9_i

INFO:root:
3UC2_i

INFO:root:
4FVS_i

INFO:root:
4HSP_i

INFO:root:
3NPI_i

INFO:root:Running learn.py for parameters: batchsize: 64
epochs : 300
loss: categorical_crossentropy
learning rate: 0.0001
parallelization: True
decay rate: 1e-08
Raw: False
thresh: 0.5
INFO:root:Train: [20372.  4324.] 
 Test: [5053. 1121.]
INFO:root:Class weights: {0: 0.6061260553701159, 1: 2.8556891766882515} 
input shape: [201, 201, 3]
INFO:root:
 Model setup:
INFO:root:Convolution2D(32,(3,3),kernel_initializer=initializers.he_normal(),
                   activation='relu',padding='same',input_shape=input_shape2,name='Conv_1')
INFO:root:MaxPooling2D(pool_size=(2,2),name='Pool_1')
INFO:root:BatchNormalization()
INFO:root:Convolution2D(64,(3,3),activation='relu',padding='same',name='Conv_2')
INFO:root:MaxPooling2D(pool_size=(2,2),name='Pool_2')
INFO:root:BatchNormalization()
INFO:root:Flatten()
INFO:root:Dropout(0.75)
INFO:root:BatchNormalization()
INFO:root:Dense(128,activation='relu',name='Dense_1',kernel_regularizer=regularizers.l2(0.15))
INFO:root:Dense(2,activation='softmax',name='predictions')
DEBUG:matplotlib.font_manager:findfont: Matching :family=sans-serif:style=normal:variant=normal:weight=normal:stretch=normal:size=12.0 to DejaVu Sans ('/dls_sw/apps/python/anaconda/1.7.0/64/envs/python3/lib/python3.6/site-packages/matplotlib/mpl-data/fonts/ttf/DejaVuSans.ttf') with score of 0.050000
DEBUG:matplotlib.font_manager:findfont: Matching :family=sans-serif:style=normal:variant=normal:weight=normal:stretch=normal:size=10.0 to DejaVu Sans ('/dls_sw/apps/python/anaconda/1.7.0/64/envs/python3/lib/python3.6/site-packages/matplotlib/mpl-data/fonts/ttf/DejaVuSans.ttf') with score of 0.050000
INFO:root:loss is: 0.7993271083827154 
accuracy is: 0.9659863945578231 
Predictions: 

INFO:root:[[1.00000000e+00 1.35166023e-09]
 [9.99886990e-01 1.12993526e-04]
 [9.97456968e-01 2.54305149e-03]
 ...
 [9.92913723e-01 7.08620111e-03]
 [8.80275726e-01 1.19724222e-01]
 [9.99586403e-01 4.13599075e-04]]
INFO:root:Number of true negatives = 4964

INFO:root:Number of false negatives = 121

INFO:root:Number of true positives = 1000

INFO:root:Number of false positives = 89

INFO:root:__________________________________________________________________________________________________

INFO:root:Layer (type)                    Output Shape         Param #     Connected to                     

INFO:root:==================================================================================================

INFO:root:Conv_1_input (InputLayer)       (None, 201, 201, 3)  0                                            

INFO:root:__________________________________________________________________________________________________

INFO:root:lambda_1 (Lambda)               (None, 201, 201, 3)  0           Conv_1_input[0][0]               

INFO:root:__________________________________________________________________________________________________

INFO:root:lambda_2 (Lambda)               (None, 201, 201, 3)  0           Conv_1_input[0][0]               

INFO:root:__________________________________________________________________________________________________

INFO:root:lambda_3 (Lambda)               (None, 201, 201, 3)  0           Conv_1_input[0][0]               

INFO:root:__________________________________________________________________________________________________

INFO:root:lambda_4 (Lambda)               (None, 201, 201, 3)  0           Conv_1_input[0][0]               

INFO:root:__________________________________________________________________________________________________

INFO:root:mapmodel_1 (MapModel)           (None, 2)            21140162    lambda_1[0][0]                   

INFO:root:                                                                 lambda_2[0][0]                   

INFO:root:                                                                 lambda_3[0][0]                   

INFO:root:                                                                 lambda_4[0][0]                   

INFO:root:__________________________________________________________________________________________________

INFO:root:predictions (Concatenate)       (None, 2)            0           mapmodel_1[1][0]                 

INFO:root:                                                                 mapmodel_1[2][0]                 

INFO:root:                                                                 mapmodel_1[3][0]                 

INFO:root:                                                                 mapmodel_1[4][0]                 

INFO:root:==================================================================================================

INFO:root:Total params: 21,140,162

INFO:root:Trainable params: 20,819,970

INFO:root:Non-trainable params: 320,192

INFO:root:__________________________________________________________________________________________________

INFO:root:4LB8: averaged likelihood of being phased: 0.012665136427515083 score of map: 0
INFO:root:ones 0: zeros 45

INFO:root:4LB8_i: averaged likelihood of being phased: 0.00901276008484678 score of map: 0
INFO:root:ones 0: zeros 45

INFO:root:3V4M: averaged likelihood of being phased: 0.01595755110740558 score of map: 0
INFO:root:ones 0: zeros 45

INFO:root:3V4M_i: averaged likelihood of being phased: 0.2762952767933408 score of map: 0
INFO:root:ones 9: zeros 36

INFO:root:3NPI: averaged likelihood of being phased: 0.014055231425704227 score of map: 0
INFO:root:ones 0: zeros 45

INFO:root:3NPI_i: averaged likelihood of being phased: 0.5353196858531899 score of map: 1
INFO:root:ones 23: zeros 22

INFO:root:3S5R: averaged likelihood of being phased: 0.8083756466706594 score of map: 1
INFO:root:ones 38: zeros 7

INFO:root:3S5R_i: averaged likelihood of being phased: 0.022236601459897226 score of map: 0
INFO:root:ones 0: zeros 45

INFO:root:3LY1: averaged likelihood of being phased: 0.24254320577925279 score of map: 0
INFO:root:ones 11: zeros 34

INFO:root:3LY1_i: averaged likelihood of being phased: 0.07058378661620535 score of map: 0
INFO:root:ones 3: zeros 42

INFO:root:4OO3: averaged likelihood of being phased: 0.053474141295171446 score of map: 0
INFO:root:ones 0: zeros 45

INFO:root:4OO3_i: averaged likelihood of being phased: 0.02782763856359654 score of map: 0
INFO:root:ones 0: zeros 45

INFO:root:3URZ: averaged likelihood of being phased: 0.28557369243612307 score of map: 0
INFO:root:ones 14: zeros 31

INFO:root:3URZ_i: averaged likelihood of being phased: 0.3724353353628734 score of map: 0
INFO:root:ones 14: zeros 31

INFO:root:3P6K: averaged likelihood of being phased: 0.03265452179022961 score of map: 0
INFO:root:ones 0: zeros 45

INFO:root:3P6K_i: averaged likelihood of being phased: 0.03326312422286719 score of map: 0
INFO:root:ones 0: zeros 45

INFO:root:3UP6: averaged likelihood of being phased: 0.0064084609116738045 score of map: 0
INFO:root:ones 0: zeros 45

INFO:root:3UP6_i: averaged likelihood of being phased: 0.020745147681575166 score of map: 0
INFO:root:ones 1: zeros 44

INFO:root:4H08: averaged likelihood of being phased: 0.02057475059862352 score of map: 0
INFO:root:ones 0: zeros 45

INFO:root:4H08_i: averaged likelihood of being phased: 0.05785718163630615 score of map: 0
INFO:root:ones 1: zeros 44

INFO:root:3ULH: averaged likelihood of being phased: 0.0608145078851117 score of map: 0
INFO:root:ones 0: zeros 45

INFO:root:3ULH_i: averaged likelihood of being phased: 0.2726740496853987 score of map: 0
INFO:root:ones 9: zeros 36

INFO:root:4FO5: averaged likelihood of being phased: 0.33241556686763135 score of map: 0
INFO:root:ones 16: zeros 29

INFO:root:4FO5_i: averaged likelihood of being phased: 0.26762333767385116 score of map: 0
INFO:root:ones 12: zeros 33

INFO:root:4QDY: averaged likelihood of being phased: 0.01987393916869122 score of map: 0
INFO:root:ones 0: zeros 45

INFO:root:4QDY_i: averaged likelihood of being phased: 0.33057543977629394 score of map: 0
INFO:root:ones 12: zeros 33

INFO:root:4EF2: averaged likelihood of being phased: 0.0417893194179568 score of map: 0
INFO:root:ones 0: zeros 45

INFO:root:4EF2_i: averaged likelihood of being phased: 0.03866634482207398 score of map: 0
INFO:root:ones 0: zeros 45

INFO:root:4PTB: averaged likelihood of being phased: 0.9870165573226081 score of map: 1
INFO:root:ones 45: zeros 0

INFO:root:4PTB_i: averaged likelihood of being phased: 0.9907314128345913 score of map: 1
INFO:root:ones 45: zeros 0

INFO:root:3RH7_i: averaged likelihood of being phased: 0.0021500859842894394 score of map: 0
INFO:root:ones 0: zeros 45

INFO:root:3K2O: averaged likelihood of being phased: 0.15382050295722569 score of map: 0
INFO:root:ones 4: zeros 41

INFO:root:3K2O_i: averaged likelihood of being phased: 0.0665625837036512 score of map: 0
INFO:root:ones 1: zeros 44

INFO:root:4OPM: averaged likelihood of being phased: 0.03331953417639145 score of map: 0
INFO:root:ones 1: zeros 44

INFO:root:4OPM_i: averaged likelihood of being phased: 0.011561744777201158 score of map: 0
INFO:root:ones 0: zeros 45

INFO:root:4JM1: averaged likelihood of being phased: 0.04729017921231894 score of map: 0
INFO:root:ones 1: zeros 44

INFO:root:4JM1_i: averaged likelihood of being phased: 0.03237937570051549 score of map: 0
INFO:root:ones 1: zeros 44

INFO:root:3N0V: averaged likelihood of being phased: 0.042366936029348934 score of map: 0
INFO:root:ones 0: zeros 45

INFO:root:3N0V_i: averaged likelihood of being phased: 0.07483462798021114 score of map: 0
INFO:root:ones 0: zeros 45

INFO:root:4OBI: averaged likelihood of being phased: 0.0578951285712214 score of map: 0
INFO:root:ones 1: zeros 44

INFO:root:4OBI_i: averaged likelihood of being phased: 0.0312865074924452 score of map: 0
INFO:root:ones 0: zeros 45

INFO:root:3NRA: averaged likelihood of being phased: 0.03028462002467778 score of map: 0
INFO:root:ones 0: zeros 45

INFO:root:3NRA_i: averaged likelihood of being phased: 0.016735559546699127 score of map: 0
INFO:root:ones 0: zeros 45

INFO:root:4FVS: averaged likelihood of being phased: 0.0071808610551266205 score of map: 0
INFO:root:ones 0: zeros 45

INFO:root:4FVS_i: averaged likelihood of being phased: 0.007852034171163622 score of map: 0
INFO:root:ones 0: zeros 45

INFO:root:4EBG_i: averaged likelihood of being phased: 0.47924433969431246 score of map: 0
INFO:root:ones 23: zeros 22

INFO:root:3LWX: averaged likelihood of being phased: 0.07224676019977778 score of map: 0
INFO:root:ones 3: zeros 42

INFO:root:3LWX_i: averaged likelihood of being phased: 0.2395859514621811 score of map: 0
INFO:root:ones 6: zeros 39

INFO:root:3M7A: averaged likelihood of being phased: 0.10392149149233268 score of map: 0
INFO:root:ones 4: zeros 41

INFO:root:3M7A_i: averaged likelihood of being phased: 0.6974406799508466 score of map: 1
INFO:root:ones 35: zeros 10

INFO:root:4EZI: averaged likelihood of being phased: 0.07911279651646813 score of map: 0
INFO:root:ones 0: zeros 45

INFO:root:4EZI_i: averaged likelihood of being phased: 0.06874508245123757 score of map: 0
INFO:root:ones 0: zeros 45

INFO:root:3L2H: averaged likelihood of being phased: 0.012475420961466928 score of map: 0
INFO:root:ones 0: zeros 45

INFO:root:3L2H_i: averaged likelihood of being phased: 0.1404656281410199 score of map: 0
INFO:root:ones 5: zeros 40

INFO:root:4QRL: averaged likelihood of being phased: 0.01138207341799797 score of map: 0
INFO:root:ones 0: zeros 45

INFO:root:4QRL_i: averaged likelihood of being phased: 0.015211507935439133 score of map: 0
INFO:root:ones 0: zeros 45

INFO:root:4R03: averaged likelihood of being phased: 0.11186024252480517 score of map: 0
INFO:root:ones 5: zeros 40

INFO:root:4R03_i: averaged likelihood of being phased: 0.06278965169977811 score of map: 0
INFO:root:ones 1: zeros 44

INFO:root:4GHB: averaged likelihood of being phased: 0.030646238613472734 score of map: 0
INFO:root:ones 0: zeros 45

INFO:root:4GHB_i: averaged likelihood of being phased: 0.004167127775953203 score of map: 0
INFO:root:ones 0: zeros 45

INFO:root:3OTN: averaged likelihood of being phased: 0.016962228771040422 score of map: 0
INFO:root:ones 0: zeros 45

INFO:root:3OTN_i: averaged likelihood of being phased: 0.01703793334050311 score of map: 0
INFO:root:ones 0: zeros 45

INFO:root:4QHB: averaged likelihood of being phased: 0.012173319028483497 score of map: 0
INFO:root:ones 0: zeros 45

INFO:root:4QHB_i: averaged likelihood of being phased: 0.02507201820715434 score of map: 0
INFO:root:ones 0: zeros 45

INFO:root:4MCJ: averaged likelihood of being phased: 0.007065316583935379 score of map: 0
INFO:root:ones 0: zeros 45

INFO:root:4MCJ_i: averaged likelihood of being phased: 0.001769317215884156 score of map: 0
INFO:root:ones 0: zeros 45

INFO:root:4NZJ: averaged likelihood of being phased: 0.009524850021504487 score of map: 0
INFO:root:ones 0: zeros 45

INFO:root:4NZJ_i: averaged likelihood of being phased: 0.9456867694854736 score of map: 1
INFO:root:ones 44: zeros 1

INFO:root:4QHW: averaged likelihood of being phased: 0.010181460595534493 score of map: 0
INFO:root:ones 0: zeros 45

INFO:root:4QHW_i: averaged likelihood of being phased: 0.015488331754588419 score of map: 0
INFO:root:ones 0: zeros 45

INFO:root:3U21: averaged likelihood of being phased: 0.03995362688632061 score of map: 0
INFO:root:ones 0: zeros 45

INFO:root:3U21_i: averaged likelihood of being phased: 0.07916978179839336 score of map: 0
INFO:root:ones 3: zeros 42

INFO:root:4FD0: averaged likelihood of being phased: 0.007874550719538496 score of map: 0
INFO:root:ones 0: zeros 45

INFO:root:4FD0_i: averaged likelihood of being phased: 0.008255590142087182 score of map: 0
INFO:root:ones 0: zeros 45

INFO:root:4PW1: averaged likelihood of being phased: 0.8229179503189192 score of map: 1
INFO:root:ones 39: zeros 6

INFO:root:4PW1_i: averaged likelihood of being phased: 0.015867006272957142 score of map: 0
INFO:root:ones 0: zeros 45

INFO:root:4QHZ_i: averaged likelihood of being phased: 0.015248474336436226 score of map: 0
INFO:root:ones 0: zeros 45

INFO:root:4J5M: averaged likelihood of being phased: 0.01558673017554813 score of map: 0
INFO:root:ones 0: zeros 45

INFO:root:4J5M_i: averaged likelihood of being phased: 0.04556562637056535 score of map: 0
INFO:root:ones 2: zeros 43

INFO:root:3N6Y: averaged likelihood of being phased: 0.2107123417365882 score of map: 0
INFO:root:ones 6: zeros 39

INFO:root:3N6Y_i: averaged likelihood of being phased: 0.2555536906545361 score of map: 0
INFO:root:ones 10: zeros 35

INFO:root:3LHI: averaged likelihood of being phased: 0.014875716641027895 score of map: 0
INFO:root:ones 0: zeros 45

INFO:root:3LHI_i: averaged likelihood of being phased: 0.060517951145043804 score of map: 0
INFO:root:ones 0: zeros 45

INFO:root:4R1M: averaged likelihood of being phased: 0.028783934542702304 score of map: 0
INFO:root:ones 0: zeros 45

INFO:root:3E5D: averaged likelihood of being phased: 0.0356984803530698 score of map: 0
INFO:root:ones 1: zeros 44

INFO:root:3E5D_i: averaged likelihood of being phased: 0.4989179528835747 score of map: 0
INFO:root:ones 21: zeros 24

INFO:root:4OPW: averaged likelihood of being phased: 0.05285556671830515 score of map: 0
INFO:root:ones 3: zeros 42

INFO:root:4OPW_i: averaged likelihood of being phased: 0.17401429757786294 score of map: 0
INFO:root:ones 7: zeros 38

INFO:root:4QRK: averaged likelihood of being phased: 0.24531470825895668 score of map: 0
INFO:root:ones 8: zeros 37

INFO:root:4QRK_i: averaged likelihood of being phased: 0.0735428841616441 score of map: 0
INFO:root:ones 1: zeros 44

INFO:root:4LQZ: averaged likelihood of being phased: 0.11876540757819182 score of map: 0
INFO:root:ones 4: zeros 41

INFO:root:4LQZ_i: averaged likelihood of being phased: 0.13570500059674184 score of map: 0
INFO:root:ones 4: zeros 41

INFO:root:3N0W: averaged likelihood of being phased: 0.04055234148270554 score of map: 0
INFO:root:ones 0: zeros 45

INFO:root:3N0W_i: averaged likelihood of being phased: 0.06227819208676617 score of map: 0
INFO:root:ones 0: zeros 45

INFO:root:3LWF: averaged likelihood of being phased: 0.03584559082777964 score of map: 0
INFO:root:ones 0: zeros 45

INFO:root:3LWF_i: averaged likelihood of being phased: 0.027404724708240895 score of map: 0
INFO:root:ones 0: zeros 45

INFO:root:3S25: averaged likelihood of being phased: 0.5994208664529853 score of map: 1
INFO:root:ones 25: zeros 20

INFO:root:3S25_i: averaged likelihood of being phased: 0.016113454804548788 score of map: 0
INFO:root:ones 0: zeros 45

INFO:root:3TY1: averaged likelihood of being phased: 0.04013986328823699 score of map: 0
INFO:root:ones 1: zeros 44

INFO:root:3TY1_i: averaged likelihood of being phased: 0.1300985710436685 score of map: 0
INFO:root:ones 4: zeros 41

INFO:root:
Number of true positives:7

              Number of true negatives: 86

              Number of false positives: 1

              Number of false negatives: 6

INFO:root:accuracy = 0.93
INFO:root:Finished -- 20995.782793283463 seconds ---
