INFO:root:Running RunTrain.py
INFO:root:Date: 230918HA
INFO:root:this is a log file for the progress of image_slicing(). 

INFO:root:
4DAD_i

INFO:root:
3K2O_i

INFO:root:
3TY1

INFO:root:
3MCR

INFO:root:
3NA6_i

INFO:root:
3SGH_i

INFO:root:
3L12

INFO:root:
4I95_i

INFO:root:
4EBG_i

INFO:root:
4H08_i

INFO:root:
4M8R

INFO:root:
4K4K

INFO:root:
4FJ6

INFO:root:
1VJ1_i

INFO:root:
3U22_i

INFO:root:
4OO3

INFO:root:
4KH9_i

INFO:root:
3RH2

INFO:root:
4ECO_i

INFO:root:
4QRK_i

INFO:root:
3OTN

INFO:root:
3T7L_i

INFO:root:
4MJF

INFO:root:
3NPD_i

INFO:root:
2X57

INFO:root:
3LMZ

INFO:root:
4GHB

INFO:root:
4R4G

INFO:root:
3UP6_i

INFO:root:
3N0W

INFO:root:
3LMZ_i

INFO:root:
3NQK

INFO:root:
4R4G_i

INFO:root:
4NTL

INFO:root:
3N5L_i

INFO:root:
3SC3

INFO:root:
3V4M

INFO:root:
4QDY

INFO:root:
4GZV_i

INFO:root:
3US5_i

INFO:root:
4EPZ_i

INFO:root:
3QEC_i

INFO:root:
4JQS

INFO:root:
3ULH_i

INFO:root:
3OSD_i

INFO:root:
3PXP

INFO:root:
1VJ1

INFO:root:
4YGU_i

INFO:root:
3UCH_i

INFO:root:
3SCY_i

INFO:root:
3PM9

INFO:root:
4QT9

INFO:root:
1VLI_i

INFO:root:
4EZI

INFO:root:
4OBM

INFO:root:
4DGU_i

INFO:root:
4QHW

INFO:root:
4Q1V_i

INFO:root:
4QDG_i

INFO:root:
4QAN_i

INFO:root:
3US4_i

INFO:root:
2WA0_i

INFO:root:
4COS

INFO:root:
4HF7

INFO:root:
3S9J_i

INFO:root:
4FXV

INFO:root:
3U1W

INFO:root:
3NPD

INFO:root:
4LER_i

INFO:root:
4OLE

INFO:root:
4FXV_i

INFO:root:
3S5Q

INFO:root:
4LIR

INFO:root:
4GCM_i

INFO:root:
4PS6

INFO:root:
3L2H_i

INFO:root:
4LEH

INFO:root:
4FM3

INFO:root:
4LQZ_i

INFO:root:
3QTH_i

INFO:root:
4FO5_i

INFO:root:
4E2E

INFO:root:
3QQW

INFO:root:
4F54_i

INFO:root:
3PFE_i

INFO:root:
4AD9

INFO:root:
3L2N

INFO:root:
4PPY

INFO:root:
3O14

INFO:root:
3QXB_i

INFO:root:
3LY1

INFO:root:
3S25_i

INFO:root:
3M5K

INFO:root:
3P1V_i

INFO:root:
4HFS_i

INFO:root:
4L1N

INFO:root:
4LIJ

INFO:root:
3PET_i

INFO:root:
1VKW

INFO:root:
4QHB

INFO:root:
3L12_i

INFO:root:
4LGQ_i

INFO:root:
2YPD

INFO:root:
4ME9

INFO:root:
4Q9A

INFO:root:
3OT2

INFO:root:
3PJY_i

INFO:root:
4QNI

INFO:root:
2XXZ_i

INFO:root:
3MX3_i

INFO:root:
4KQ7

INFO:root:
3PJY

INFO:root:
4JHY_i

INFO:root:
3LM3

INFO:root:
1VKU

INFO:root:
2XVT_i

INFO:root:
3QKB_i

INFO:root:
3NO3

INFO:root:
3MZO

INFO:root:
4K05

INFO:root:
4Q6K

INFO:root:
4Q6K_i

INFO:root:
3E8S_i

INFO:root:
3LHI_i

INFO:root:
3MBJ_i

INFO:root:
4QNI_i

INFO:root:
4OPW

INFO:root:
4HSP

INFO:root:
4FSV

INFO:root:
1VK8_i

INFO:root:
3TAW_i

INFO:root:
3R4I_i

INFO:root:
3LM2

INFO:root:
3P6K

INFO:root:
1VK4_i

INFO:root:
4NZK

INFO:root:
3LYG_i

INFO:root:
4GHN

INFO:root:
4EXR

INFO:root:
3MW8_i

INFO:root:
4PS6_i

INFO:root:
4RN3_i

INFO:root:
1VKW_i

INFO:root:
4QHW_i

INFO:root:
3LWJ_i

INFO:root:
4Q34

INFO:root:
4EZG

INFO:root:
3SB4

INFO:root:
3SGG

INFO:root:
4FS7

INFO:root:
4DAD

INFO:root:
4GDZ

INFO:root:
3QTH

INFO:root:
3MDP_i

INFO:root:
4LGC

INFO:root:
3PW3_i

INFO:root:
3S5T

INFO:root:
3MDO_i

INFO:root:
3LWJ

INFO:root:
3QQM

INFO:root:
4EXR_i

INFO:root:
3SIY

INFO:root:
3MTQ_i

INFO:root:
4PQX

INFO:root:
3LWD_i

INFO:root:
3U22

INFO:root:
4QAN

INFO:root:
4PXY

INFO:root:
4NKP_i

INFO:root:
3PFO

INFO:root:
4JGL

INFO:root:
3L2H

INFO:root:
4JHY

INFO:root:
4R7S

INFO:root:
3QXB

INFO:root:
4EIU

INFO:root:
4E72

INFO:root:
3E02_i

INFO:root:
4LHS_i

INFO:root:
4LB8_i

INFO:root:
3TC9

INFO:root:
4GL6_i

INFO:root:
3QKB

INFO:root:
4FD0

INFO:root:
4Q34_i

INFO:root:
4E5V

INFO:root:
4R4K_i

INFO:root:
3OZ2_i

INFO:root:
3LM3_i

INFO:root:
4LEH_i

INFO:root:
4OTE_i

INFO:root:
3LHI

INFO:root:
3MWX_i

INFO:root:
4ONZ

INFO:root:
4E5V_i

INFO:root:
4E9K_i

INFO:root:
3LOT

INFO:root:
3NOH

INFO:root:
3MDQ

INFO:root:
3P2C_i

INFO:root:
3SBU

INFO:root:
3NQN

INFO:root:
4QVU_i

INFO:root:
3LUL_i

INFO:root:
3U6G_i

INFO:root:
3POH

INFO:root:
3LWD

INFO:root:
3OYV_i

INFO:root:
4LGQ

INFO:root:
3P1T_i

INFO:root:
3MYV_i

INFO:root:
4YJW

INFO:root:
4JM1_i

INFO:root:
4FSV_i

INFO:root:
3T7L

INFO:root:
4FO5

INFO:root:
3LUB_i

INFO:root:
4E6F_i

INFO:root:
4EZG_i

INFO:root:
3SNX_i

INFO:root:
4KQ7_i

INFO:root:
4QHX

INFO:root:
4HBR_i

INFO:root:
3MCX

INFO:root:
3LEW

INFO:root:
3QWM

INFO:root:
3E49

INFO:root:
4L8P

INFO:root:
3O0L_i

INFO:root:
4EF2_i

INFO:root:
3NL9

INFO:root:
3SB4_i

INFO:root:
4QHZ_i

INFO:root:
3QQW_i

INFO:root:
3PXV

INFO:root:
3L22_i

INFO:root:
3LJY

INFO:root:
3L5O

INFO:root:
4R4K

INFO:root:
3NNR

INFO:root:
3T2L

INFO:root:
4LG3

INFO:root:
4E6E_i

INFO:root:
4GL6

INFO:root:
4FSS_i

INFO:root:
4FM3_i

INFO:root:
3PAS

INFO:root:
4OBI

INFO:root:
4L8N_i

INFO:root:
3E39

INFO:root:
3R8E

INFO:root:
4DWF

INFO:root:
3L23_i

INFO:root:
4DNK

INFO:root:
3E5D

INFO:root:
3U21_i

INFO:root:
4JPQ

INFO:root:
3PJ0

INFO:root:
3NRB

INFO:root:
3TD9

INFO:root:
1VKU_i

INFO:root:
3QTA_i

INFO:root:
3LWC_i

INFO:root:
4NR2

INFO:root:
3E11

INFO:root:
3NRE_i

INFO:root:
3NFV

INFO:root:
4DWE

INFO:root:
4E9K

INFO:root:
4ECN_i

INFO:root:
3E8O

INFO:root:
4DWF_i

INFO:root:
3PJ0_i

INFO:root:
4K4K_i

INFO:root:
3TAW

INFO:root:
4L3R

INFO:root:
4R7F_i

INFO:root:
3NPP

INFO:root:
1VKM_i

INFO:root:
3MSW

INFO:root:
3N6Y_i

INFO:root:
4HFS

INFO:root:
4Q1Z

INFO:root:
4FVS

INFO:root:
3SGH

INFO:root:
4QRL_i

INFO:root:
4FMR

INFO:root:
4K3F_i

INFO:root:
3RF7_i

INFO:root:
1VJF_i

INFO:root:
3PAS_i

INFO:root:
3MX3

INFO:root:
3M1U

INFO:root:
3NO3_i

INFO:root:
3LLX

INFO:root:
3N0V_i

INFO:root:
4HWM_i

INFO:root:
4O2T

INFO:root:
4LIR_i

INFO:root:
4NZJ_i

INFO:root:
4A35

INFO:root:
4FD0_i

INFO:root:
3S6E

INFO:root:
3LEW_i

INFO:root:
3PVQ_i

INFO:root:
3LIU

INFO:root:
3OTN_i

INFO:root:
3OWR_i

INFO:root:
3PPL_i

INFO:root:
4MJG

INFO:root:
4DJN

INFO:root:
3SIY_i

INFO:root:
3E99_i

INFO:root:
3NPP_i

INFO:root:
4DQA

INFO:root:
3SCY

INFO:root:
3E49_i

INFO:root:
4ORL_i

INFO:root:
4JM1

INFO:root:
3OF4

INFO:root:
3RH7

INFO:root:
4G2A

INFO:root:
4QRL

INFO:root:
3NQI_i

INFO:root:
1VK9

INFO:root:
3SNO_i

INFO:root:
3LWX_i

INFO:root:
3MZ2_i

INFO:root:
3ULH

INFO:root:
3SNX

INFO:root:
3NQI

INFO:root:
4MJF_i

INFO:root:
4EI0

INFO:root:
4FMZ

INFO:root:
4M8R_i

INFO:root:
4DJN_i

INFO:root:
3PAY

INFO:root:
4LBA

INFO:root:
4M0H_i

INFO:root:
3MYV

INFO:root:
3SO5

INFO:root:
1VLI

INFO:root:
4FTD

INFO:root:
4COS_i

INFO:root:
4XWX

INFO:root:
4QGP

INFO:root:
4ECN

INFO:root:
4E6R

INFO:root:
3LHO

INFO:root:
4KH8

INFO:root:
3NQN_i

INFO:root:
3MCR_i

INFO:root:
4Q1V

INFO:root:
4L8J_i

INFO:root:
4GCM

INFO:root:
3NRA

INFO:root:
3P6L

INFO:root:
3LY1_i

INFO:root:
3SC3_i

INFO:root:
4R1M_i

INFO:root:
3R4K_i

INFO:root:
3MYX_i

INFO:root:
4NTL_i

INFO:root:
2X57_i

INFO:root:
4OBI_i

INFO:root:
3SO5_i

INFO:root:
4HWM

INFO:root:
4G2A_i

INFO:root:
3LHN

INFO:root:
3QC2_i

INFO:root:
3LWF_i

INFO:root:
4DF9_i

INFO:root:
4NZJ

INFO:root:
4R03_i

INFO:root:
4J5M

INFO:root:
3NPF

INFO:root:
3NUF

INFO:root:
4HW6

INFO:root:
3UC2

INFO:root:
3OWR

INFO:root:
3NL9_i

INFO:root:
4GHN_i

INFO:root:
4FS7_i

INFO:root:
3LYC

INFO:root:
3RJV

INFO:root:
1VK4

INFO:root:
4ECF

INFO:root:
3POH_i

INFO:root:
4H1X_i

INFO:root:
4QVU

INFO:root:
3SY6_i

INFO:root:
4NZK_i

INFO:root:
4HBR

INFO:root:
4ICI

INFO:root:
3UWS

INFO:root:
4R03

INFO:root:
4N0R

INFO:root:
3U21

INFO:root:
4EPZ

INFO:root:
4EF2

INFO:root:
4YGT

INFO:root:
4LHS

INFO:root:
4YOD

INFO:root:
4OPM

INFO:root:
3PET

INFO:root:
3E4V_i

INFO:root:
3SEE

INFO:root:
4KWY_i

INFO:root:
3R13

INFO:root:
3P6K_i

INFO:root:
4M8K_i

INFO:root:
4HET

INFO:root:
4OBM_i

INFO:root:
4QY7

INFO:root:
3RZA_i

INFO:root:
3S5R

INFO:root:
3LLX_i

INFO:root:
3E38

INFO:root:
3OSD

INFO:root:
3LOU

INFO:root:
3LHO_i

INFO:root:
3M1U_i

INFO:root:
4QDG

INFO:root:
4YER_i

INFO:root:
3LUB

INFO:root:
3NYY

INFO:root:
3QC3_i

INFO:root:
3QTA

INFO:root:
3E38_i

INFO:root:
3ODP

INFO:root:
3M1T_i

INFO:root:
4JX0

INFO:root:
3MCP_i

INFO:root:
3E02

INFO:root:
3SGG_i

INFO:root:
4GBS

INFO:root:
4OLE_i

INFO:root:
3NUF_i

INFO:root:
3NFV_i

INFO:root:
4LGC_i

INFO:root:
4Q53_i

INFO:root:
4MXT

INFO:root:
4G5A

INFO:root:
4FSS

INFO:root:
4KH8_i

INFO:root:
4MXT_i

INFO:root:
3TD9_i

INFO:root:
4JQR_i

INFO:root:
3M1T

INFO:root:
3LWX

INFO:root:
4GDZ_i

INFO:root:
4DNL

INFO:root:
4QPV

INFO:root:
3PL0

INFO:root:
2WA0

INFO:root:
3LYC_i

INFO:root:
4PW1_i

INFO:root:
4F7A_i

INFO:root:
4Q98_i

INFO:root:
3R8E_i

INFO:root:
4FDW

INFO:root:
3PL0_i

INFO:root:
4PUC

INFO:root:
4EZI_i

INFO:root:
4LG3_i

INFO:root:
3S25

INFO:root:
1VK2_i

INFO:root:
3E4V

INFO:root:
3TY1_i

INFO:root:
3UWS_i

INFO:root:
3M7A_i

INFO:root:
3L23

INFO:root:
3LN3

INFO:root:
4Q53

INFO:root:
4Q98

INFO:root:
4NKP

INFO:root:
4PUX

INFO:root:
3E8S

INFO:root:
2YPD_i

INFO:root:
4EI0_i

INFO:root:
3LIU_i

INFO:root:
3US5

INFO:root:
1VL7

INFO:root:
3OAO_i

INFO:root:
3O14_i

INFO:root:
3S6E_i

INFO:root:
4GBS_i

INFO:root:
3MZ2

INFO:root:
3OT2_i

INFO:root:
3OF4_i

INFO:root:
3N0X_i

INFO:root:
3QQM_i

INFO:root:
4EPS_i

INFO:root:
3U1W_i

INFO:root:
3MST_i

INFO:root:
3MSW_i

INFO:root:
3MCX_i

INFO:root:
3OAO

INFO:root:
4OTE

INFO:root:
4KH9

INFO:root:
3TC8_i

INFO:root:
4YER

INFO:root:
3E39_i

INFO:root:
3P02_i

INFO:root:
4OPW_i

INFO:root:
4MJG_i

INFO:root:
3QNK

INFO:root:
4YOD_i

INFO:root:
3E10

INFO:root:
3RWX

INFO:root:
4L7A

INFO:root:
4Q9A_i

INFO:root:
4GZV

INFO:root:
3R4K

INFO:root:
4E6E

INFO:root:
4QPV_i

INFO:root:
3P3V_i

INFO:root:
3QKX

INFO:root:
3UFI_i

INFO:root:
3N0V

INFO:root:
4L0N

INFO:root:
3MST

INFO:root:
3SEE_i

INFO:root:
4GL3_i

INFO:root:
4F53_i

INFO:root:
3LWC

INFO:root:
3NRB_i

INFO:root:
3QEC

INFO:root:
3LM2_i

INFO:root:
4QEY_i

INFO:root:
3P1T

INFO:root:
3SBU_i

INFO:root:
4J5M_i

INFO:root:
3N0X

INFO:root:
4R1M

INFO:root:
3PNX

INFO:root:
4YJW_i

INFO:root:
3E11_i

INFO:root:
3LJY_i

INFO:root:
3RJV_i

INFO:root:
3MYX

INFO:root:
3PVQ

INFO:root:
4E6F

INFO:root:
3NNB_i

INFO:root:
3RWX_i

INFO:root:
3QNK_i

INFO:root:
3RH3

INFO:root:
3NO2

INFO:root:
3PXP_i

INFO:root:
4QE0_i

INFO:root:
4QRK

INFO:root:
3M5K_i

INFO:root:
3NPF_i

INFO:root:
3R4I

INFO:root:
3OZ2

INFO:root:
3NRE

INFO:root:
3K2O

INFO:root:
3LOT_i

INFO:root:
3NQO_i

INFO:root:
3QZB

INFO:root:
3LYG

INFO:root:
4LQX_i

INFO:root:
3NYY_i

INFO:root:
4YGU

INFO:root:
3LN3_i

INFO:root:
4A35_i

INFO:root:
4FTD_i

INFO:root:
4MCJ

INFO:root:
3MTQ

INFO:root:
4I8I

INFO:root:
3N0W_i

INFO:root:
4L1N_i

INFO:root:
4DNK_i

INFO:root:
4GPV

INFO:root:
3NNR_i

INFO:root:
3NRA_i

INFO:root:
3UFI

INFO:root:
1VJF

INFO:root:
4F7A

INFO:root:
3RH7_i

INFO:root:
1VL4

INFO:root:
4LBA_i

INFO:root:
4GPV_i

INFO:root:
4M8K

INFO:root:
3P3V

INFO:root:
4RN3

INFO:root:
4Q1Z_i

INFO:root:
3LHN_i

INFO:root:
4PTB

INFO:root:
4JQS_i

INFO:root:
3U6G

INFO:root:
3R13_i

INFO:root:
3NOH_i

INFO:root:
3PAY_i

INFO:root:
3UCG

INFO:root:
4LQX

INFO:root:
3ODP_i

INFO:root:
3N91_i

INFO:root:
3LYH

INFO:root:
4OJU_i

INFO:root:
3QWM_i

INFO:root:
3PXV_i

INFO:root:
4KWY

INFO:root:
4E2E_i

INFO:root:
3NWP

INFO:root:
3NO2_i

INFO:root:
4YGT_i

INFO:root:
1VK9_i

INFO:root:
3MCW_i

INFO:root:
4JQR

INFO:root:
4MRU_i

INFO:root:
4F54

INFO:root:
3LWS_i

INFO:root:
3QC3

INFO:root:
3MDP

INFO:root:
3MBJ

INFO:root:
4JGL_i

INFO:root:
3LOU_i

INFO:root:
4JX0_i

INFO:root:
3P94

INFO:root:
4K61

INFO:root:
3LUR_i

INFO:root:
3P6L_i

INFO:root:
3P2C

INFO:root:
3SNO

INFO:root:
4OO3_i

INFO:root:
4ECG_i

INFO:root:
3N8U_i

INFO:root:
3UWT

INFO:root:
3T2L_i

INFO:root:
4DNL_i

INFO:root:
4JJA

INFO:root:
3PFE

INFO:root:
3PFO_i

INFO:root:
3S5Q_i

INFO:root:
3OYV

INFO:root:
3MCQ_i

INFO:root:
3PPB_i

INFO:root:
3LWS

INFO:root:
4ECG

INFO:root:
3N6Y

INFO:root:
3RF7

INFO:root:
4QGP_i

INFO:root:
2WZK_i

INFO:root:
3MBH

INFO:root:
4I8I_i

INFO:root:
3S9J

INFO:root:
3N6X

INFO:root:
4N0R_i

INFO:root:
3PM9_i

INFO:root:
4F98_i

INFO:root:
4PWU

INFO:root:
4OJU

INFO:root:
4JQT

INFO:root:
4QE0

INFO:root:
4QDY_i

INFO:root:
4QFU

INFO:root:
3LUR

INFO:root:
3O0L

INFO:root:
4PQX_i

INFO:root:
4LER

INFO:root:
3M7A

INFO:root:
3US4

INFO:root:
3PNX_i

INFO:root:
4PW1

INFO:root:
4FMR_i

INFO:root:
4M0H

INFO:root:
4O2T_i

INFO:root:
2XXZ

INFO:root:
4NR2_i

INFO:root:
3S5R_i

INFO:root:
3MCQ

INFO:root:
3MBH_i

INFO:root:
4K3F

INFO:root:
4E6R_i

INFO:root:
4HW6_i

INFO:root:
4ECO

INFO:root:
4F53

INFO:root:
3PPL

INFO:root:
3NQO

INFO:root:
3L5O_i

INFO:root:
4L8J

INFO:root:
3N8U

INFO:root:
3RZA

INFO:root:
4Q0Y_i

INFO:root:
3P02

INFO:root:
3LUL

INFO:root:
3L2N_i

INFO:root:
3UP6

INFO:root:
4EBG

INFO:root:
4JRL

INFO:root:
4Q0Y

INFO:root:
4L8P_i

INFO:root:
3PGV

INFO:root:
3MDO

INFO:root:
4DGU

INFO:root:
3TC8

INFO:root:
4PUC_i

INFO:root:
4QY7_i

INFO:root:
3E97_i

INFO:root:
4QT9_i

INFO:root:
3QZB_i

INFO:root:
3PGV_i

INFO:root:
3E5D_i

INFO:root:
4JPQ_i

INFO:root:
1VL4_i

INFO:root:
4LQZ

INFO:root:
4FMZ_i

INFO:root:
4HF7_i

INFO:root:
3UCH

INFO:root:
3E99

INFO:root:
4L8K

INFO:root:
4FDW_i

INFO:root:
5FTA_i

INFO:root:
4PPY_i

INFO:root:
4R7S_i

INFO:root:
4HET_i

INFO:root:
2XVT

INFO:root:
4GT6_i

INFO:root:
4QHX_i

INFO:root:
3UWT_i

INFO:root:
3NNB

INFO:root:
4DF9

INFO:root:
3V4M_i

INFO:root:
3N5L

INFO:root:
4R7F

INFO:root:
4EIU_i

INFO:root:
3RH2_i

INFO:root:
3MC3_i

INFO:root:
4QHB_i

INFO:root:
4K05_i

INFO:root:
3QZ4

INFO:root:
4ECF_i

INFO:root:
3N6X_i

INFO:root:
4MUD_i

INFO:root:
4FR9

INFO:root:
4PTB_i

INFO:root:
1VK2

INFO:root:
4JRL_i

INFO:root:
4JJA_i

INFO:root:
4ONZ_i

INFO:root:
3P1V

INFO:root:
3UCG_i

INFO:root:
4H08

INFO:root:
4DWE_i

INFO:root:
3E10_i

INFO:root:
4MCJ_i

INFO:root:
4XWX_i

INFO:root:
3E97

INFO:root:
3L22

INFO:root:
4ICI_i

INFO:root:
4H1X

INFO:root:
3MWX

INFO:root:
4I95

INFO:root:
3NA6

INFO:root:
4GT6

INFO:root:
4OPM_i

INFO:root:
3P94_i

INFO:root:
4PWU_i

INFO:root:
4ESN

INFO:root:
3TC9_i

INFO:root:
4L8N

INFO:root:
4EPS

INFO:root:
1VKM

INFO:root:
2WZK

INFO:root:
3S5T_i

INFO:root:
3PW3

INFO:root:
4FJ6_i

INFO:root:
4QB7

INFO:root:
3NQK_i

INFO:root:
3NWP_i

INFO:root:
3RH3_i

INFO:root:
3MCP

INFO:root:
3MDQ_i

INFO:root:
4GL3

INFO:root:
4L3R_i

INFO:root:
3PPB

INFO:root:
4L7A_i

INFO:root:
1VL7_i

INFO:root:
3LYH_i

INFO:root:
3N91

INFO:root:
4PUX_i

INFO:root:
4LB8

INFO:root:
3MCW

INFO:root:
4LII

INFO:root:
4ME9_i

INFO:root:
4JQT_i

INFO:root:
4FR9_i

INFO:root:
3UC2_i

INFO:root:
4FVS_i

INFO:root:
4HSP_i

INFO:root:Running learn.py for parameters: batchsize: 64
epochs : 300
loss: categorical_crossentropy
learning rate: 0.0001
parallelization: True
decay rate: 1e-08
Raw: False
thresh: 0.5
fraction train: 0.7
INFO:root:Train: [16173.  5593.] 
 Test: [6867. 2462.]
INFO:root:Class weights: {0: 0.6729116428615594, 1: 1.9458251385660648} 
input shape: [201, 201, 3]
INFO:root:
 Model setup:
INFO:root:Convolution2D(32,(3,3),kernel_initializer=initializers.he_normal(),
                   activation='relu',padding='same',input_shape=input_shape2,name='Conv_1')
INFO:root:MaxPooling2D(pool_size=(2,2),name='Pool_1')
INFO:root:BatchNormalization()
INFO:root:Convolution2D(64,(3,3),activation='relu',padding='same',name='Conv_2')
INFO:root:MaxPooling2D(pool_size=(2,2),name='Pool_2')
INFO:root:BatchNormalization()
INFO:root:Flatten()
INFO:root:Dropout(0.75)
INFO:root:BatchNormalization()
INFO:root:Dense(128,activation='relu',name='Dense_1',kernel_regularizer=regularizers.l2(0.15))
INFO:root:Dense(2,activation='softmax',name='predictions')
DEBUG:matplotlib.font_manager:findfont: Matching :family=sans-serif:style=normal:variant=normal:weight=normal:stretch=normal:size=12.0 to DejaVu Sans ('/dls_sw/apps/python/anaconda/1.7.0/64/envs/python3/lib/python3.6/site-packages/matplotlib/mpl-data/fonts/ttf/DejaVuSans.ttf') with score of 0.050000
DEBUG:matplotlib.font_manager:findfont: Matching :family=sans-serif:style=normal:variant=normal:weight=normal:stretch=normal:size=10.0 to DejaVu Sans ('/dls_sw/apps/python/anaconda/1.7.0/64/envs/python3/lib/python3.6/site-packages/matplotlib/mpl-data/fonts/ttf/DejaVuSans.ttf') with score of 0.050000
INFO:root:loss is: 1.5046158972654404 
accuracy is: 0.802443991872528 
Predictions: 

INFO:root:[[0.90264726 0.09735277]
 [0.9380427  0.06195731]
 [0.04876584 0.95123416]
 ...
 [0.92750525 0.07249472]
 [0.98529357 0.01470642]
 [0.55531734 0.44468266]]
INFO:root:Number of true negatives = 6252

INFO:root:Number of false negatives = 1228

INFO:root:Number of true positives = 1234

INFO:root:Number of false positives = 615

INFO:root:__________________________________________________________________________________________________

INFO:root:Layer (type)                    Output Shape         Param #     Connected to                     

INFO:root:==================================================================================================

INFO:root:Conv_1_input (InputLayer)       (None, 201, 201, 3)  0                                            

INFO:root:__________________________________________________________________________________________________

INFO:root:lambda_1 (Lambda)               (None, 201, 201, 3)  0           Conv_1_input[0][0]               

INFO:root:__________________________________________________________________________________________________

INFO:root:lambda_2 (Lambda)               (None, 201, 201, 3)  0           Conv_1_input[0][0]               

INFO:root:__________________________________________________________________________________________________

INFO:root:lambda_3 (Lambda)               (None, 201, 201, 3)  0           Conv_1_input[0][0]               

INFO:root:__________________________________________________________________________________________________

INFO:root:lambda_4 (Lambda)               (None, 201, 201, 3)  0           Conv_1_input[0][0]               

INFO:root:__________________________________________________________________________________________________

INFO:root:mapmodel_1 (MapModel)           (None, 2)            21140162    lambda_1[0][0]                   

INFO:root:                                                                 lambda_2[0][0]                   

INFO:root:                                                                 lambda_3[0][0]                   

INFO:root:                                                                 lambda_4[0][0]                   

INFO:root:__________________________________________________________________________________________________

INFO:root:predictions (Concatenate)       (None, 2)            0           mapmodel_1[1][0]                 

INFO:root:                                                                 mapmodel_1[2][0]                 

INFO:root:                                                                 mapmodel_1[3][0]                 

INFO:root:                                                                 mapmodel_1[4][0]                 

INFO:root:==================================================================================================

INFO:root:Total params: 21,140,162

INFO:root:Trainable params: 20,819,970

INFO:root:Non-trainable params: 320,192

INFO:root:__________________________________________________________________________________________________

INFO:root:4L8J: averaged likelihood of being phased: 0.23204987951450878 score of map: 0
INFO:root:4L8J_i: averaged likelihood of being phased: 0.07989480917652449 score of map: 0
INFO:root:3R4K: averaged likelihood of being phased: 0.567445552514659 score of map: 1
INFO:root:3R4K_i: averaged likelihood of being phased: 0.3250431093076865 score of map: 0
INFO:root:3E38: averaged likelihood of being phased: 0.12595975995063782 score of map: 0
INFO:root:3E38_i: averaged likelihood of being phased: 0.12264207448396418 score of map: 0
INFO:root:4E2E: averaged likelihood of being phased: 0.35913267408808075 score of map: 0
INFO:root:4E2E_i: averaged likelihood of being phased: 0.3317708605279525 score of map: 0
INFO:root:4COS: averaged likelihood of being phased: 0.12547440748247835 score of map: 0
INFO:root:4COS_i: averaged likelihood of being phased: 0.17087724374400245 score of map: 0
INFO:root:4GCM: averaged likelihood of being phased: 0.20478115491569043 score of map: 0
INFO:root:4GCM_i: averaged likelihood of being phased: 0.2026996700714032 score of map: 0
INFO:root:3NRA: averaged likelihood of being phased: 0.14559212335281901 score of map: 0
INFO:root:3NRA_i: averaged likelihood of being phased: 0.1815589243132207 score of map: 0
INFO:root:3K2O: averaged likelihood of being phased: 0.10471566466407643 score of map: 0
INFO:root:3K2O_i: averaged likelihood of being phased: 0.16710201657066742 score of map: 0
INFO:root:3MZO: averaged likelihood of being phased: 0.17867031801078054 score of map: 0
INFO:root:3LIU: averaged likelihood of being phased: 0.1919041260663006 score of map: 0
INFO:root:3LIU_i: averaged likelihood of being phased: 0.16819528823511468 score of map: 0
INFO:root:3UCG: averaged likelihood of being phased: 0.21321693551209236 score of map: 0
INFO:root:3UCG_i: averaged likelihood of being phased: 0.18017688240442012 score of map: 0
INFO:root:4HBR: averaged likelihood of being phased: 0.3851638673080338 score of map: 0
INFO:root:4HBR_i: averaged likelihood of being phased: 0.24608599576685164 score of map: 0
INFO:root:4QDG: averaged likelihood of being phased: 0.4953626294930776 score of map: 0
INFO:root:4QDG_i: averaged likelihood of being phased: 0.4326194967660639 score of map: 0
INFO:root:3N0X: averaged likelihood of being phased: 0.158107276322941 score of map: 0
INFO:root:3N0X_i: averaged likelihood of being phased: 0.1668641516731845 score of map: 0
INFO:root:3UC2: averaged likelihood of being phased: 0.2349141503373782 score of map: 0
INFO:root:3UC2_i: averaged likelihood of being phased: 0.16621831520977948 score of map: 0
INFO:root:4Q34: averaged likelihood of being phased: 0.23070350852277544 score of map: 0
INFO:root:4Q34_i: averaged likelihood of being phased: 0.2531647256265084 score of map: 0
INFO:root:3MC3_i: averaged likelihood of being phased: 0.1418628070089552 score of map: 0
INFO:root:4H1X: averaged likelihood of being phased: 0.11881821859214041 score of map: 0
INFO:root:4H1X_i: averaged likelihood of being phased: 0.14694934599101545 score of map: 0
INFO:root:3SNX: averaged likelihood of being phased: 0.20654565373228656 score of map: 0
INFO:root:3SNX_i: averaged likelihood of being phased: 0.2202319691164626 score of map: 0
INFO:root:3QTH: averaged likelihood of being phased: 0.31228905680278934 score of map: 0
INFO:root:3QTH_i: averaged likelihood of being phased: 0.3283288194073571 score of map: 0
INFO:root:4QHW: averaged likelihood of being phased: 0.14506918059455023 score of map: 0
INFO:root:4QHW_i: averaged likelihood of being phased: 0.10847097254461713 score of map: 0
INFO:root:4KH9: averaged likelihood of being phased: 0.1128887272750338 score of map: 0
INFO:root:4KH9_i: averaged likelihood of being phased: 0.12263503774172729 score of map: 0
INFO:root:3QTA: averaged likelihood of being phased: 0.25446301615900463 score of map: 0
INFO:root:3QTA_i: averaged likelihood of being phased: 0.21393475085496902 score of map: 0
INFO:root:3E49: averaged likelihood of being phased: 0.26650915245215095 score of map: 0
INFO:root:3E49_i: averaged likelihood of being phased: 0.14450087125102679 score of map: 0
INFO:root:4FMR: averaged likelihood of being phased: 0.2923102393746376 score of map: 0
INFO:root:4FMR_i: averaged likelihood of being phased: 0.26541704634825386 score of map: 0
INFO:root:3QXB: averaged likelihood of being phased: 0.21034899436765248 score of map: 0
INFO:root:3QXB_i: averaged likelihood of being phased: 0.1597179992331399 score of map: 0
INFO:root:1VKU: averaged likelihood of being phased: 0.28771098591387273 score of map: 0
INFO:root:1VKU_i: averaged likelihood of being phased: 0.4304533288710647 score of map: 0
INFO:root:3MCW: averaged likelihood of being phased: 0.12095664516091346 score of map: 0
INFO:root:3MCW_i: averaged likelihood of being phased: 0.08244560170504782 score of map: 0
INFO:root:3NYY: averaged likelihood of being phased: 0.23700568874677022 score of map: 0
INFO:root:3NYY_i: averaged likelihood of being phased: 0.19584360006782744 score of map: 0
INFO:root:4EIU: averaged likelihood of being phased: 0.25464267995622425 score of map: 0
INFO:root:4EIU_i: averaged likelihood of being phased: 0.13465609757436647 score of map: 0
INFO:root:3SGG: averaged likelihood of being phased: 0.09743235641055636 score of map: 0
INFO:root:3SGG_i: averaged likelihood of being phased: 0.11614974919292662 score of map: 0
INFO:root:3U6G: averaged likelihood of being phased: 0.388127003920575 score of map: 0
INFO:root:3U6G_i: averaged likelihood of being phased: 0.229202834992773 score of map: 0
INFO:root:4DJN: averaged likelihood of being phased: 0.29241313309305245 score of map: 0
INFO:root:4DJN_i: averaged likelihood of being phased: 0.2487486528439654 score of map: 0
INFO:root:3N8U: averaged likelihood of being phased: 0.1148636944591999 score of map: 0
INFO:root:3N8U_i: averaged likelihood of being phased: 0.10946523965232902 score of map: 0
INFO:root:4L3R: averaged likelihood of being phased: 0.27937196062670816 score of map: 0
INFO:root:4L3R_i: averaged likelihood of being phased: 0.2690934146444003 score of map: 0
INFO:root:4HSP: averaged likelihood of being phased: 0.4236453047229184 score of map: 0
INFO:root:4HSP_i: averaged likelihood of being phased: 0.1996040134380261 score of map: 0
INFO:root:3S5Q: averaged likelihood of being phased: 0.15914838317160804 score of map: 0
INFO:root:3S5Q_i: averaged likelihood of being phased: 0.11431505938784944 score of map: 0
INFO:root:4K4K: averaged likelihood of being phased: 0.16351814327968492 score of map: 0
INFO:root:4K4K_i: averaged likelihood of being phased: 0.25024865489039155 score of map: 0
INFO:root:3LWD: averaged likelihood of being phased: 0.17783835447496837 score of map: 0
INFO:root:3LWD_i: averaged likelihood of being phased: 0.38027279757791094 score of map: 0
INFO:root:4DF9: averaged likelihood of being phased: 0.20869557311137518 score of map: 0
INFO:root:4DF9_i: averaged likelihood of being phased: 0.14504675769971476 score of map: 0
INFO:root:3E5D: averaged likelihood of being phased: 0.4101320791575644 score of map: 0
INFO:root:3E5D_i: averaged likelihood of being phased: 0.29597011961870723 score of map: 0
INFO:root:3M5K: averaged likelihood of being phased: 0.13959103326002756 score of map: 0
INFO:root:3M5K_i: averaged likelihood of being phased: 0.20298897011412514 score of map: 0
INFO:root:4DGU: averaged likelihood of being phased: 0.17427900038245653 score of map: 0
INFO:root:4DGU_i: averaged likelihood of being phased: 0.18173768085738023 score of map: 0
INFO:root:4YGT: averaged likelihood of being phased: 0.21132286882234944 score of map: 0
INFO:root:4YGT_i: averaged likelihood of being phased: 0.3990143854584959 score of map: 0
INFO:root:4Q98: averaged likelihood of being phased: 0.07365294506566392 score of map: 0
INFO:root:4Q98_i: averaged likelihood of being phased: 0.09399337089724011 score of map: 0
INFO:root:4OBI: averaged likelihood of being phased: 0.2328063078224659 score of map: 0
INFO:root:4OBI_i: averaged likelihood of being phased: 0.23709591790619824 score of map: 0
INFO:root:3LM2: averaged likelihood of being phased: 0.4180780125781894 score of map: 0
INFO:root:3LM2_i: averaged likelihood of being phased: 0.3711323135015037 score of map: 0
INFO:root:4QPV: averaged likelihood of being phased: 0.16781162118746173 score of map: 0
INFO:root:4QPV_i: averaged likelihood of being phased: 0.22764002457261084 score of map: 0
INFO:root:4ESN: averaged likelihood of being phased: 0.33327474138802954 score of map: 0
INFO:root:4QVU: averaged likelihood of being phased: 0.3274101883172989 score of map: 0
INFO:root:4QVU_i: averaged likelihood of being phased: 0.27360719583100745 score of map: 0
INFO:root:3SY6_i: averaged likelihood of being phased: 0.13799466374847624 score of map: 0
INFO:root:4HWM: averaged likelihood of being phased: 0.3828733685529894 score of map: 0
INFO:root:4HWM_i: averaged likelihood of being phased: 0.4444022162300017 score of map: 0
INFO:root:ones 20: zeros 25

INFO:root:
Number of true positives:1

              Number of true negatives: 81

              Number of false positives: 0

              Number of false negatives: 18

INFO:root:accuracy = 0.82
INFO:root:Finished -- 18583.677386045456 seconds ---
